TRACE [2020-09-16 12:21:31] Long live prediction Research Question 4 - Experiment 2b
TRACE [2020-09-16 12:21:31] Evaluation metrics ouput path: ~/Workspace/long-lived-bug-predictor-ml-in-r/output/data
TRACE [2020-09-16 12:21:31] Current project name : eclipse
TRACE [2020-09-16 12:21:31] Bug report file name: ~/Workspace/long-lived-bug-predictor-ml-in-r/data/20200731_eclipse_bug_report_data.csv
TRACE [2020-09-16 12:21:31] Clean text feature
TRACE [2020-09-16 12:22:06] Converting dataframe to term matrix
TRACE [2020-09-16 12:22:24] Text mining: extracted 100 terms from long_description
TRACE [2020-09-16 12:22:24] SEED <144>
TRACE [2020-09-16 12:22:24] Current parameters:
 N.Terms...: [100]
 Classifier: [svm]
 Metric...: [Accuracy]
 Feature...: [long_description]
 Threshold.: [365]
 Balancing.: [smote]
 Resampling: [repeatedcv5x10]
TRACE [2020-09-16 12:22:24] Partitioning dataset in training and testing
TRACE [2020-09-16 12:22:24] Balancing training dataset
TRACE [2020-09-16 12:22:24] [balance_dataset]: balancing method: smote
TRACE [2020-09-16 12:22:26] Training prediction model 
TRACE [2020-09-16 12:22:26] [get_resampling_method] Resampling model repeatedcv 5x10
TRACE [2020-09-16 12:22:26] [train_with_svm] Training model with SVM and Accuracy
TRACE [2020-09-16 12:42:53] Calculating training results metrics
TRACE [2020-09-16 12:42:53] Training results recorded on CSV file.
TRACE [2020-09-16 12:42:53] Converting dataframe to term matrix
TRACE [2020-09-16 12:43:10] Text mining: extracted 150 terms from long_description
TRACE [2020-09-16 12:43:10] SEED <144>
TRACE [2020-09-16 12:43:10] Current parameters:
 N.Terms...: [150]
 Classifier: [svm]
 Metric...: [Accuracy]
 Feature...: [long_description]
 Threshold.: [365]
 Balancing.: [smote]
 Resampling: [repeatedcv5x10]
TRACE [2020-09-16 12:43:10] Partitioning dataset in training and testing
TRACE [2020-09-16 12:43:10] Balancing training dataset
TRACE [2020-09-16 12:43:10] [balance_dataset]: balancing method: smote
TRACE [2020-09-16 12:43:13] Training prediction model 
TRACE [2020-09-16 12:43:13] [get_resampling_method] Resampling model repeatedcv 5x10
TRACE [2020-09-16 12:43:13] [train_with_svm] Training model with SVM and Accuracy
TRACE [2020-09-16 13:08:42] Calculating training results metrics
TRACE [2020-09-16 13:08:42] Training results recorded on CSV file.
TRACE [2020-09-16 13:08:42] Converting dataframe to term matrix
TRACE [2020-09-16 13:09:00] Text mining: extracted 200 terms from long_description
TRACE [2020-09-16 13:09:00] SEED <144>
TRACE [2020-09-16 13:09:00] Current parameters:
 N.Terms...: [200]
 Classifier: [svm]
 Metric...: [Accuracy]
 Feature...: [long_description]
 Threshold.: [365]
 Balancing.: [smote]
 Resampling: [repeatedcv5x10]
TRACE [2020-09-16 13:09:00] Partitioning dataset in training and testing
TRACE [2020-09-16 13:09:00] Balancing training dataset
TRACE [2020-09-16 13:09:00] [balance_dataset]: balancing method: smote
TRACE [2020-09-16 13:09:05] Training prediction model 
TRACE [2020-09-16 13:09:05] [get_resampling_method] Resampling model repeatedcv 5x10
TRACE [2020-09-16 13:09:05] [train_with_svm] Training model with SVM and Accuracy
TRACE [2020-09-16 13:42:11] Calculating training results metrics
TRACE [2020-09-16 13:42:11] Training results recorded on CSV file.
TRACE [2020-09-16 13:42:11] Converting dataframe to term matrix
TRACE [2020-09-16 13:42:29] Text mining: extracted 250 terms from long_description
TRACE [2020-09-16 13:42:29] SEED <144>
TRACE [2020-09-16 13:42:29] Current parameters:
 N.Terms...: [250]
 Classifier: [svm]
 Metric...: [Accuracy]
 Feature...: [long_description]
 Threshold.: [365]
 Balancing.: [smote]
 Resampling: [repeatedcv5x10]
TRACE [2020-09-16 13:42:29] Partitioning dataset in training and testing
TRACE [2020-09-16 13:42:29] Balancing training dataset
TRACE [2020-09-16 13:42:29] [balance_dataset]: balancing method: smote
TRACE [2020-09-16 13:42:35] Training prediction model 
TRACE [2020-09-16 13:42:35] [get_resampling_method] Resampling model repeatedcv 5x10
TRACE [2020-09-16 13:42:35] [train_with_svm] Training model with SVM and Accuracy
TRACE [2020-09-16 14:24:17] Calculating training results metrics
TRACE [2020-09-16 14:24:17] Training results recorded on CSV file.
TRACE [2020-09-16 14:24:17] Converting dataframe to term matrix
TRACE [2020-09-16 14:24:34] Text mining: extracted 300 terms from long_description
TRACE [2020-09-16 14:24:34] SEED <144>
TRACE [2020-09-16 14:24:34] Current parameters:
 N.Terms...: [300]
 Classifier: [svm]
 Metric...: [Accuracy]
 Feature...: [long_description]
 Threshold.: [365]
 Balancing.: [smote]
 Resampling: [repeatedcv5x10]
TRACE [2020-09-16 14:24:34] Partitioning dataset in training and testing
TRACE [2020-09-16 14:24:34] Balancing training dataset
TRACE [2020-09-16 14:24:34] [balance_dataset]: balancing method: smote
TRACE [2020-09-16 14:24:42] Training prediction model 
TRACE [2020-09-16 14:24:42] [get_resampling_method] Resampling model repeatedcv 5x10
TRACE [2020-09-16 14:24:42] [train_with_svm] Training model with SVM and Accuracy
TRACE [2020-09-16 15:14:35] Calculating training results metrics
TRACE [2020-09-16 15:14:35] Training results recorded on CSV file.
TRACE [2020-09-16 15:14:35] Experiment 4 - 2b Finished
