TRACE [2020-09-16 02:16:01] Long live prediction Research Question 4 - Experiment 1b
TRACE [2020-09-16 02:16:01] Evaluation metrics ouput path: ~/Workspace/long-lived-bug-predictor-ml-in-r/output/data
TRACE [2020-09-16 02:16:01] Reading the best model by classifier
TRACE [2020-09-16 02:16:01] Current project name : eclipse
TRACE [2020-09-16 02:16:01] Bug report file name: ~/Workspace/long-lived-bug-predictor-ml-in-r/data/20200731_eclipse_bug_report_data.csv
TRACE [2020-09-16 02:16:01] Clean text features
TRACE [2020-09-16 02:16:34] Converting dataframe to term matrix
TRACE [2020-09-16 02:16:52] Text mining: extracted 100 terms from long_description
TRACE [2020-09-16 02:16:52] SEED <144>
TRACE [2020-09-16 02:16:52] Current parameters:
 N.Terms...: [100]
 Classifier: [knn]
 Metric...: [Accuracy]
 Feature...: [long_description]
 Threshold.: [365]
 Balancing.: [smote]
 Resampling: [repeatedcv5x10]
TRACE [2020-09-16 02:16:52] Partitioning dataset in training and testing
TRACE [2020-09-16 02:16:52] Balancing training dataset
TRACE [2020-09-16 02:16:52] [balance_dataset]: balancing method: smote
TRACE [2020-09-16 02:16:54] Training prediction model 
TRACE [2020-09-16 02:16:54] [train_with_knn] Training model with KNN and Accuracy
TRACE [2020-09-16 02:17:56] Calculating training results metrics
TRACE [2020-09-16 02:17:56] Training results recorded on CSV file.
TRACE [2020-09-16 02:17:56] Converting dataframe to term matrix
TRACE [2020-09-16 02:18:13] Text mining: extracted 100 terms from long_description
TRACE [2020-09-16 02:18:13] SEED <144>
TRACE [2020-09-16 02:18:13] Current parameters:
 N.Terms...: [100]
 Classifier: [knn]
 Metric...: [Accuracy]
 Feature...: [long_description]
 Threshold.: [365]
 Balancing.: [unbalanced]
 Resampling: [repeatedcv5x10]
TRACE [2020-09-16 02:18:13] Partitioning dataset in training and testing
TRACE [2020-09-16 02:18:13] Balancing training dataset
TRACE [2020-09-16 02:18:13] [balance_dataset]: balancing method: unbalanced
TRACE [2020-09-16 02:18:13] Training prediction model 
TRACE [2020-09-16 02:18:13] [train_with_knn] Training model with KNN and Accuracy
TRACE [2020-09-16 02:18:29] Calculating training results metrics
TRACE [2020-09-16 02:18:29] Training results recorded on CSV file.
TRACE [2020-09-16 02:18:29] Converting dataframe to term matrix
TRACE [2020-09-16 02:18:47] Text mining: extracted 100 terms from long_description
TRACE [2020-09-16 02:18:47] SEED <144>
TRACE [2020-09-16 02:18:47] Current parameters:
 N.Terms...: [100]
 Classifier: [nb]
 Metric...: [Accuracy]
 Feature...: [long_description]
 Threshold.: [365]
 Balancing.: [smote]
 Resampling: [repeatedcv5x10]
TRACE [2020-09-16 02:18:47] Partitioning dataset in training and testing
TRACE [2020-09-16 02:18:47] Balancing training dataset
TRACE [2020-09-16 02:18:47] [balance_dataset]: balancing method: smote
TRACE [2020-09-16 02:18:49] Training prediction model 
TRACE [2020-09-16 02:18:49] [train_with_nb] Training model with NB and Accuracy
TRACE [2020-09-16 02:57:20] Calculating training results metrics
TRACE [2020-09-16 02:57:20] Training results recorded on CSV file.
TRACE [2020-09-16 02:57:20] Converting dataframe to term matrix
TRACE [2020-09-16 02:57:37] Text mining: extracted 100 terms from long_description
TRACE [2020-09-16 02:57:37] SEED <144>
TRACE [2020-09-16 02:57:37] Current parameters:
 N.Terms...: [100]
 Classifier: [nb]
 Metric...: [Accuracy]
 Feature...: [long_description]
 Threshold.: [365]
 Balancing.: [unbalanced]
 Resampling: [repeatedcv5x10]
TRACE [2020-09-16 02:57:37] Partitioning dataset in training and testing
TRACE [2020-09-16 02:57:37] Balancing training dataset
TRACE [2020-09-16 02:57:37] [balance_dataset]: balancing method: unbalanced
TRACE [2020-09-16 02:57:37] Training prediction model 
TRACE [2020-09-16 02:57:37] [train_with_nb] Training model with NB and Accuracy
TRACE [2020-09-16 03:18:58] Calculating training results metrics
TRACE [2020-09-16 03:18:58] Training results recorded on CSV file.
TRACE [2020-09-16 03:18:58] Converting dataframe to term matrix
TRACE [2020-09-16 03:19:15] Text mining: extracted 100 terms from long_description
TRACE [2020-09-16 03:19:15] SEED <144>
TRACE [2020-09-16 03:19:15] Current parameters:
 N.Terms...: [100]
 Classifier: [nn]
 Metric...: [Accuracy]
 Feature...: [long_description]
 Threshold.: [365]
 Balancing.: [smote]
 Resampling: [repeatedcv5x10]
TRACE [2020-09-16 03:19:15] Partitioning dataset in training and testing
TRACE [2020-09-16 03:19:15] Balancing training dataset
TRACE [2020-09-16 03:19:15] [balance_dataset]: balancing method: smote
TRACE [2020-09-16 03:19:17] Training prediction model 
TRACE [2020-09-16 03:19:17] [train_with_nnet] Training model with NNET and Accuracy
TRACE [2020-09-16 03:21:15] Calculating training results metrics
TRACE [2020-09-16 03:21:15] Training results recorded on CSV file.
TRACE [2020-09-16 03:21:15] Converting dataframe to term matrix
TRACE [2020-09-16 03:21:32] Text mining: extracted 100 terms from long_description
TRACE [2020-09-16 03:21:32] SEED <144>
TRACE [2020-09-16 03:21:32] Current parameters:
 N.Terms...: [100]
 Classifier: [nn]
 Metric...: [Accuracy]
 Feature...: [long_description]
 Threshold.: [365]
 Balancing.: [unbalanced]
 Resampling: [repeatedcv5x10]
TRACE [2020-09-16 03:21:32] Partitioning dataset in training and testing
TRACE [2020-09-16 03:21:32] Balancing training dataset
TRACE [2020-09-16 03:21:32] [balance_dataset]: balancing method: unbalanced
TRACE [2020-09-16 03:21:32] Training prediction model 
TRACE [2020-09-16 03:21:32] [train_with_nnet] Training model with NNET and Accuracy
TRACE [2020-09-16 03:21:57] Calculating training results metrics
TRACE [2020-09-16 03:21:57] Training results recorded on CSV file.
TRACE [2020-09-16 03:21:57] Converting dataframe to term matrix
TRACE [2020-09-16 03:22:14] Text mining: extracted 100 terms from long_description
TRACE [2020-09-16 03:22:14] SEED <144>
TRACE [2020-09-16 03:22:14] Current parameters:
 N.Terms...: [100]
 Classifier: [rf]
 Metric...: [Accuracy]
 Feature...: [long_description]
 Threshold.: [365]
 Balancing.: [smote]
 Resampling: [repeatedcv5x10]
TRACE [2020-09-16 03:22:14] Partitioning dataset in training and testing
TRACE [2020-09-16 03:22:14] Balancing training dataset
TRACE [2020-09-16 03:22:14] [balance_dataset]: balancing method: smote
TRACE [2020-09-16 03:22:17] Training prediction model 
TRACE [2020-09-16 03:22:17] [train_with_rf] Training model with RF and Accuracy
TRACE [2020-09-16 03:24:50] Calculating training results metrics
TRACE [2020-09-16 03:24:50] Training results recorded on CSV file.
TRACE [2020-09-16 03:24:50] Converting dataframe to term matrix
TRACE [2020-09-16 03:25:07] Text mining: extracted 100 terms from long_description
TRACE [2020-09-16 03:25:07] SEED <144>
TRACE [2020-09-16 03:25:07] Current parameters:
 N.Terms...: [100]
 Classifier: [rf]
 Metric...: [Accuracy]
 Feature...: [long_description]
 Threshold.: [365]
 Balancing.: [unbalanced]
 Resampling: [repeatedcv5x10]
TRACE [2020-09-16 03:25:07] Partitioning dataset in training and testing
TRACE [2020-09-16 03:25:07] Balancing training dataset
TRACE [2020-09-16 03:25:07] [balance_dataset]: balancing method: unbalanced
TRACE [2020-09-16 03:25:07] Training prediction model 
TRACE [2020-09-16 03:25:07] [train_with_rf] Training model with RF and Accuracy
TRACE [2020-09-16 03:27:24] Calculating training results metrics
TRACE [2020-09-16 03:27:24] Training results recorded on CSV file.
TRACE [2020-09-16 03:27:24] Converting dataframe to term matrix
TRACE [2020-09-16 03:27:41] Text mining: extracted 100 terms from long_description
TRACE [2020-09-16 03:27:41] SEED <144>
TRACE [2020-09-16 03:27:41] Current parameters:
 N.Terms...: [100]
 Classifier: [svm]
 Metric...: [Accuracy]
 Feature...: [long_description]
 Threshold.: [365]
 Balancing.: [smote]
 Resampling: [repeatedcv5x10]
TRACE [2020-09-16 03:27:41] Partitioning dataset in training and testing
TRACE [2020-09-16 03:27:41] Balancing training dataset
TRACE [2020-09-16 03:27:41] [balance_dataset]: balancing method: smote
TRACE [2020-09-16 03:27:44] Training prediction model 
TRACE [2020-09-16 03:27:44] [train_with_svm] Training model with SVM and Accuracy
TRACE [2020-09-16 03:48:48] Calculating training results metrics
TRACE [2020-09-16 03:48:49] Training results recorded on CSV file.
TRACE [2020-09-16 03:48:49] Converting dataframe to term matrix
TRACE [2020-09-16 03:49:05] Text mining: extracted 100 terms from long_description
TRACE [2020-09-16 03:49:05] SEED <144>
TRACE [2020-09-16 03:49:05] Current parameters:
 N.Terms...: [100]
 Classifier: [svm]
 Metric...: [Accuracy]
 Feature...: [long_description]
 Threshold.: [365]
 Balancing.: [unbalanced]
 Resampling: [repeatedcv5x10]
TRACE [2020-09-16 03:49:05] Partitioning dataset in training and testing
TRACE [2020-09-16 03:49:05] Balancing training dataset
TRACE [2020-09-16 03:49:05] [balance_dataset]: balancing method: unbalanced
TRACE [2020-09-16 03:49:05] Training prediction model 
TRACE [2020-09-16 03:49:05] [train_with_svm] Training model with SVM and Accuracy
TRACE [2020-09-16 03:54:37] Calculating training results metrics
TRACE [2020-09-16 03:54:37] Training results recorded on CSV file.
TRACE [2020-09-16 03:54:37] Converting dataframe to term matrix
TRACE [2020-09-16 03:54:45] Text mining: extracted 100 terms from short_description
TRACE [2020-09-16 03:54:45] SEED <144>
TRACE [2020-09-16 03:54:45] Current parameters:
 N.Terms...: [100]
 Classifier: [knn]
 Metric...: [Accuracy]
 Feature...: [short_description]
 Threshold.: [365]
 Balancing.: [smote]
 Resampling: [repeatedcv5x10]
TRACE [2020-09-16 03:54:45] Partitioning dataset in training and testing
TRACE [2020-09-16 03:54:45] Balancing training dataset
TRACE [2020-09-16 03:54:45] [balance_dataset]: balancing method: smote
TRACE [2020-09-16 03:54:47] Training prediction model 
TRACE [2020-09-16 03:54:47] [train_with_knn] Training model with KNN and Accuracy
TRACE [2020-09-16 03:55:34] Calculating training results metrics
TRACE [2020-09-16 03:55:34] Training results recorded on CSV file.
TRACE [2020-09-16 03:55:34] Converting dataframe to term matrix
TRACE [2020-09-16 03:55:42] Text mining: extracted 100 terms from short_description
TRACE [2020-09-16 03:55:42] SEED <144>
TRACE [2020-09-16 03:55:42] Current parameters:
 N.Terms...: [100]
 Classifier: [knn]
 Metric...: [Accuracy]
 Feature...: [short_description]
 Threshold.: [365]
 Balancing.: [unbalanced]
 Resampling: [repeatedcv5x10]
TRACE [2020-09-16 03:55:42] Partitioning dataset in training and testing
TRACE [2020-09-16 03:55:42] Balancing training dataset
TRACE [2020-09-16 03:55:42] [balance_dataset]: balancing method: unbalanced
TRACE [2020-09-16 03:55:42] Training prediction model 
TRACE [2020-09-16 03:55:42] [train_with_knn] Training model with KNN and Accuracy
TRACE [2020-09-16 03:55:55] Calculating training results metrics
TRACE [2020-09-16 03:55:55] Training results recorded on CSV file.
TRACE [2020-09-16 03:55:55] Converting dataframe to term matrix
TRACE [2020-09-16 03:56:02] Text mining: extracted 100 terms from short_description
TRACE [2020-09-16 03:56:02] SEED <144>
TRACE [2020-09-16 03:56:02] Current parameters:
 N.Terms...: [100]
 Classifier: [nb]
 Metric...: [Accuracy]
 Feature...: [short_description]
 Threshold.: [365]
 Balancing.: [smote]
 Resampling: [repeatedcv5x10]
TRACE [2020-09-16 03:56:02] Partitioning dataset in training and testing
TRACE [2020-09-16 03:56:02] Balancing training dataset
TRACE [2020-09-16 03:56:02] [balance_dataset]: balancing method: smote
TRACE [2020-09-16 03:56:04] Training prediction model 
TRACE [2020-09-16 03:56:04] [train_with_nb] Training model with NB and Accuracy
TRACE [2020-09-16 04:29:51] Calculating training results metrics
TRACE [2020-09-16 04:29:51] Training results recorded on CSV file.
TRACE [2020-09-16 04:29:51] Converting dataframe to term matrix
TRACE [2020-09-16 04:29:59] Text mining: extracted 100 terms from short_description
TRACE [2020-09-16 04:29:59] SEED <144>
TRACE [2020-09-16 04:29:59] Current parameters:
 N.Terms...: [100]
 Classifier: [nb]
 Metric...: [Accuracy]
 Feature...: [short_description]
 Threshold.: [365]
 Balancing.: [unbalanced]
 Resampling: [repeatedcv5x10]
TRACE [2020-09-16 04:29:59] Partitioning dataset in training and testing
TRACE [2020-09-16 04:29:59] Balancing training dataset
TRACE [2020-09-16 04:29:59] [balance_dataset]: balancing method: unbalanced
TRACE [2020-09-16 04:29:59] Training prediction model 
TRACE [2020-09-16 04:29:59] [train_with_nb] Training model with NB and Accuracy
TRACE [2020-09-16 04:48:47] Calculating training results metrics
TRACE [2020-09-16 04:48:47] Training results recorded on CSV file.
TRACE [2020-09-16 04:48:47] Converting dataframe to term matrix
TRACE [2020-09-16 04:48:54] Text mining: extracted 100 terms from short_description
TRACE [2020-09-16 04:48:54] SEED <144>
TRACE [2020-09-16 04:48:54] Current parameters:
 N.Terms...: [100]
 Classifier: [nn]
 Metric...: [Accuracy]
 Feature...: [short_description]
 Threshold.: [365]
 Balancing.: [smote]
 Resampling: [repeatedcv5x10]
TRACE [2020-09-16 04:48:54] Partitioning dataset in training and testing
TRACE [2020-09-16 04:48:54] Balancing training dataset
TRACE [2020-09-16 04:48:54] [balance_dataset]: balancing method: smote
TRACE [2020-09-16 04:48:56] Training prediction model 
TRACE [2020-09-16 04:48:56] [train_with_nnet] Training model with NNET and Accuracy
TRACE [2020-09-16 04:51:54] Calculating training results metrics
TRACE [2020-09-16 04:51:54] Training results recorded on CSV file.
TRACE [2020-09-16 04:51:54] Converting dataframe to term matrix
TRACE [2020-09-16 04:52:01] Text mining: extracted 100 terms from short_description
TRACE [2020-09-16 04:52:01] SEED <144>
TRACE [2020-09-16 04:52:01] Current parameters:
 N.Terms...: [100]
 Classifier: [nn]
 Metric...: [Accuracy]
 Feature...: [short_description]
 Threshold.: [365]
 Balancing.: [unbalanced]
 Resampling: [repeatedcv5x10]
TRACE [2020-09-16 04:52:01] Partitioning dataset in training and testing
TRACE [2020-09-16 04:52:01] Balancing training dataset
TRACE [2020-09-16 04:52:01] [balance_dataset]: balancing method: unbalanced
TRACE [2020-09-16 04:52:01] Training prediction model 
TRACE [2020-09-16 04:52:01] [train_with_nnet] Training model with NNET and Accuracy
TRACE [2020-09-16 04:53:35] Calculating training results metrics
TRACE [2020-09-16 04:53:35] Training results recorded on CSV file.
TRACE [2020-09-16 04:53:35] Converting dataframe to term matrix
TRACE [2020-09-16 04:53:43] Text mining: extracted 100 terms from short_description
TRACE [2020-09-16 04:53:43] SEED <144>
TRACE [2020-09-16 04:53:43] Current parameters:
 N.Terms...: [100]
 Classifier: [rf]
 Metric...: [Accuracy]
 Feature...: [short_description]
 Threshold.: [365]
 Balancing.: [smote]
 Resampling: [repeatedcv5x10]
TRACE [2020-09-16 04:53:43] Partitioning dataset in training and testing
TRACE [2020-09-16 04:53:43] Balancing training dataset
TRACE [2020-09-16 04:53:43] [balance_dataset]: balancing method: smote
TRACE [2020-09-16 04:53:45] Training prediction model 
TRACE [2020-09-16 04:53:45] [train_with_rf] Training model with RF and Accuracy
TRACE [2020-09-16 05:03:20] Calculating training results metrics
TRACE [2020-09-16 05:03:21] Training results recorded on CSV file.
TRACE [2020-09-16 05:03:21] Converting dataframe to term matrix
TRACE [2020-09-16 05:03:29] Text mining: extracted 100 terms from short_description
TRACE [2020-09-16 05:03:29] SEED <144>
TRACE [2020-09-16 05:03:29] Current parameters:
 N.Terms...: [100]
 Classifier: [rf]
 Metric...: [Accuracy]
 Feature...: [short_description]
 Threshold.: [365]
 Balancing.: [unbalanced]
 Resampling: [repeatedcv5x10]
TRACE [2020-09-16 05:03:29] Partitioning dataset in training and testing
TRACE [2020-09-16 05:03:29] Balancing training dataset
TRACE [2020-09-16 05:03:29] [balance_dataset]: balancing method: unbalanced
TRACE [2020-09-16 05:03:29] Training prediction model 
TRACE [2020-09-16 05:03:29] [train_with_rf] Training model with RF and Accuracy
TRACE [2020-09-16 05:06:38] Calculating training results metrics
TRACE [2020-09-16 05:06:38] Training results recorded on CSV file.
TRACE [2020-09-16 05:06:38] Converting dataframe to term matrix
TRACE [2020-09-16 05:06:46] Text mining: extracted 100 terms from short_description
TRACE [2020-09-16 05:06:46] SEED <144>
TRACE [2020-09-16 05:06:46] Current parameters:
 N.Terms...: [100]
 Classifier: [svm]
 Metric...: [Accuracy]
 Feature...: [short_description]
 Threshold.: [365]
 Balancing.: [smote]
 Resampling: [repeatedcv5x10]
TRACE [2020-09-16 05:06:46] Partitioning dataset in training and testing
TRACE [2020-09-16 05:06:46] Balancing training dataset
TRACE [2020-09-16 05:06:46] [balance_dataset]: balancing method: smote
TRACE [2020-09-16 05:06:48] Training prediction model 
TRACE [2020-09-16 05:06:48] [train_with_svm] Training model with SVM and Accuracy
TRACE [2020-09-16 05:15:23] Calculating training results metrics
TRACE [2020-09-16 05:15:23] Training results recorded on CSV file.
TRACE [2020-09-16 05:15:23] Converting dataframe to term matrix
TRACE [2020-09-16 05:15:30] Text mining: extracted 100 terms from short_description
TRACE [2020-09-16 05:15:30] SEED <144>
TRACE [2020-09-16 05:15:30] Current parameters:
 N.Terms...: [100]
 Classifier: [svm]
 Metric...: [Accuracy]
 Feature...: [short_description]
 Threshold.: [365]
 Balancing.: [unbalanced]
 Resampling: [repeatedcv5x10]
TRACE [2020-09-16 05:15:30] Partitioning dataset in training and testing
TRACE [2020-09-16 05:15:30] Balancing training dataset
TRACE [2020-09-16 05:15:30] [balance_dataset]: balancing method: unbalanced
TRACE [2020-09-16 05:15:30] Training prediction model 
TRACE [2020-09-16 05:15:30] [train_with_svm] Training model with SVM and Accuracy
TRACE [2020-09-16 05:18:49] Calculating training results metrics
TRACE [2020-09-16 05:18:49] Training results recorded on CSV file.
