TRACE [2020-08-06 14:58:40] Long live prediction Research Question 3 - Experiment 1
TRACE [2020-08-06 14:58:40] Evaluation metrics ouput path: ~/Workspace/long-lived-bug-predictor-ml-in-r/output
TRACE [2020-08-06 15:01:06] Long live prediction Research Question 3 - Experiment 1
TRACE [2020-08-06 15:01:06] Evaluation metrics ouput path: ~/Workspace/long-lived-bug-predictor-ml-in-r/output
TRACE [2020-08-06 15:01:24] Project name: eclipse
TRACE [2020-08-06 15:01:24] Loading or create metrics file
TRACE [2020-08-06 15:01:24] Project name: freedesktop
TRACE [2020-08-06 15:01:24] Loading or create metrics file
TRACE [2020-08-06 15:01:24] Project name: gcc
TRACE [2020-08-06 15:01:24] Loading or create metrics file
TRACE [2020-08-06 15:01:24] Project name: gnome
TRACE [2020-08-06 15:01:24] Loading or create metrics file
TRACE [2020-08-06 15:01:24] Project name: mozilla
TRACE [2020-08-06 15:01:24] Loading or create metrics file
TRACE [2020-08-06 15:01:24] Project name: winehq
TRACE [2020-08-06 15:01:24] Loading or create metrics file
TRACE [2020-08-06 15:13:08] Metrics file create: ~/Workspace/long-lived-bug-predictor-ml-in-r/output/20200806_NA
TRACE [2020-08-06 15:16:08] Long live prediction Research Question 3 - Experiment 1
TRACE [2020-08-06 15:16:08] Evaluation metrics ouput path: ~/Workspace/long-lived-bug-predictor-ml-in-r/output
TRACE [2020-08-06 15:16:18] Project name: eclipse
TRACE [2020-08-06 15:16:18] Loading or create metrics file
TRACE [2020-08-06 15:16:18] Project name: freedesktop
TRACE [2020-08-06 15:16:18] Loading or create metrics file
TRACE [2020-08-06 15:16:18] Project name: gcc
TRACE [2020-08-06 15:16:18] Loading or create metrics file
TRACE [2020-08-06 15:16:18] Project name: gnome
TRACE [2020-08-06 15:16:18] Loading or create metrics file
TRACE [2020-08-06 15:16:18] Project name: mozilla
TRACE [2020-08-06 15:16:18] Loading or create metrics file
TRACE [2020-08-06 15:16:18] Project name: winehq
TRACE [2020-08-06 15:16:18] Loading or create metrics file
TRACE [2020-08-06 15:16:38] Metrics file create: ~/Workspace/long-lived-bug-predictor-ml-in-r/output/20200806_NA
TRACE [2020-08-06 15:19:18] Metrics file create: ~/Workspace/long-lived-bug-predictor-ml-in-r/output/20200806_data/r3_1a_predict_long_lived_metrics_winehq.csv
TRACE [2020-08-06 15:20:41] Metrics file create: ~/Workspace/long-lived-bug-predictor-ml-in-r/output/data/20200806_r3_1a_predict_long_lived_metrics_winehq.csv
TRACE [2020-08-06 15:22:43] Metrics file create: ~/Workspace/long-lived-bug-predictor-ml-in-r/output/data/20200806_r3_1a_results_winehq.csv
TRACE [2020-08-06 15:22:57] Metrics file create: ~/Workspace/long-lived-bug-predictor-ml-in-r/output/data/20200806_r3_1a_results_winehq.csv
TRACE [2020-08-06 15:27:31] Starting in parameter number: 1
TRACE [2020-08-06 15:28:40] Starting in parameter number: 1
TRACE [2020-08-06 15:28:59] Starting in parameter number: 1
TRACE [2020-08-06 15:28:59] Bug report file name: ~/Workspace/long-lived-bug-predictor-ml-in-r/data/20200731_winehq_bug_report_data.csv
TRACE [2020-08-06 15:31:34] DEBUG_MODE: Sample bug reports dataset
TRACE [2020-08-06 15:34:47] Clean text features
TRACE [2020-08-06 16:17:25] Long live prediction Research Question 3 - Experiment 1
TRACE [2020-08-06 16:17:25] Evaluation metrics ouput path: ~/Workspace/long-lived-bug-predictor-ml-in-r/output
TRACE [2020-08-06 16:18:03] Project name: eclipse
TRACE [2020-08-06 16:18:03] Loading or create metrics file
TRACE [2020-08-06 16:18:03] Metrics file create: ~/Workspace/long-lived-bug-predictor-ml-in-r/output/data/20200806_r3_1a_results_eclipse.csv
TRACE [2020-08-06 16:18:03] Starting in parameter number: 1
TRACE [2020-08-06 16:18:03] Bug report file name: ~/Workspace/long-lived-bug-predictor-ml-in-r/data/20200731_eclipse_bug_report_data.csv
TRACE [2020-08-06 16:18:03] DEBUG_MODE: Sample bug reports dataset
TRACE [2020-08-06 16:18:03] Clean text features
TRACE [2020-08-06 16:18:09] Long live prediction Research Question 3 - Experiment 1
TRACE [2020-08-06 16:18:09] Evaluation metrics ouput path: ~/Workspace/long-lived-bug-predictor-ml-in-r/output
TRACE [2020-08-06 16:18:09] Project name: eclipse
TRACE [2020-08-06 16:18:09] Loading or create metrics file
TRACE [2020-08-06 16:18:09] Metrics file create: ~/Workspace/long-lived-bug-predictor-ml-in-r/output/data/20200806_r3_1a_results_eclipse.csv
TRACE [2020-08-06 16:18:09] Starting in parameter number: 1
TRACE [2020-08-06 16:18:09] Bug report file name: ~/Workspace/long-lived-bug-predictor-ml-in-r/data/20200731_eclipse_bug_report_data.csv
TRACE [2020-08-06 16:18:09] DEBUG_MODE: Sample bug reports dataset
TRACE [2020-08-06 16:18:09] Clean text features
TRACE [2020-08-06 16:23:06] Long live prediction Research Question 3 - Experiment 1
TRACE [2020-08-06 16:23:06] Evaluation metrics ouput path: ~/Workspace/long-lived-bug-predictor-ml-in-r/output
TRACE [2020-08-06 16:23:19] Project name: eclipse
TRACE [2020-08-06 16:23:19] Loading or create metrics file
TRACE [2020-08-06 16:24:02] Metrics file create: ~/Workspace/long-lived-bug-predictor-ml-in-r/output/data/20200806_r3_1a_results_eclipse.csv
TRACE [2020-08-06 16:24:07] Starting in parameter number: 1
TRACE [2020-08-06 16:24:16] Bug report file name: ~/Workspace/long-lived-bug-predictor-ml-in-r/data/20200731_eclipse_bug_report_data.csv
TRACE [2020-08-06 16:24:16] DEBUG_MODE: Sample bug reports dataset
TRACE [2020-08-06 16:24:32] Clean text features
TRACE [2020-08-06 16:25:02] Processing feature         : short_description
TRACE [2020-08-06 16:25:02] Processing classifier      : knn
TRACE [2020-08-06 16:25:02] Processing training metric : Accuracy
TRACE [2020-08-06 16:25:02] Processing threshold       : 365
TRACE [2020-08-06 16:25:02] Processing balancing       : unbalanced
TRACE [2020-08-06 16:25:02] Processing resampling      : cv_10
TRACE [2020-08-06 16:26:07] Processing feature         : short_description
TRACE [2020-08-06 16:26:07] Processing number of terms : 100
TRACE [2020-08-06 16:26:07] Processing classifier      : knn
TRACE [2020-08-06 16:26:07] Processing training metric : Accuracy
TRACE [2020-08-06 16:26:07] Processing threshold       : 365
TRACE [2020-08-06 16:26:07] Processing balancing       : unbalanced
TRACE [2020-08-06 16:26:07] Processing resampling      : cv_10
TRACE [2020-08-06 16:26:35] Converting dataframe to term matrix
TRACE [2020-08-06 16:27:44] Converting dataframe to term matrix
TRACE [2020-08-06 16:27:46] Text mining: extracted 100 terms from short_description
TRACE [2020-08-06 16:30:25] Partitioning dataset in training and testing
TRACE [2020-08-06 16:31:46] Partitioning dataset in training and testing
TRACE [2020-08-06 16:34:05] Balancing training dataset
TRACE [2020-08-06 16:34:05] [balance_dataset]: balancing method: unbalanced
TRACE [2020-08-06 16:35:20] Balancing training dataset
TRACE [2020-08-06 16:35:55] Balancing training dataset
TRACE [2020-08-06 16:35:55] [balance_dataset]: balancing method: smote
TRACE [2020-08-06 16:43:56] Long live prediction Research Question 3 - Experiment 1
TRACE [2020-08-06 16:43:56] Evaluation metrics ouput path: ~/Workspace/long-lived-bug-predictor-ml-in-r/output
TRACE [2020-08-06 16:43:56] Project name: eclipse
TRACE [2020-08-06 16:43:56] Loading or create metrics file
TRACE [2020-08-06 16:43:56] Metrics file create: ~/Workspace/long-lived-bug-predictor-ml-in-r/output/data/20200806_r3_1a_results_eclipse.csv
TRACE [2020-08-06 16:43:56] Starting in parameter number: 1
TRACE [2020-08-06 16:43:56] Bug report file name: ~/Workspace/long-lived-bug-predictor-ml-in-r/data/20200731_eclipse_bug_report_data.csv
TRACE [2020-08-06 16:43:56] DEBUG_MODE: Sample bug reports dataset
TRACE [2020-08-06 16:43:56] Clean text features
TRACE [2020-08-06 16:44:01] Processing feature         : short_description
TRACE [2020-08-06 16:44:01] Processing number of terms : 100
TRACE [2020-08-06 16:44:01] Processing classifier      : knn
TRACE [2020-08-06 16:44:01] Processing training metric : Accuracy
TRACE [2020-08-06 16:44:01] Processing threshold       : 365
TRACE [2020-08-06 16:44:01] Processing balancing       : smote
TRACE [2020-08-06 16:44:01] Processing resampling      : cv_10
TRACE [2020-08-06 16:44:01] Converting dataframe to term matrix
TRACE [2020-08-06 16:44:03] Text mining: extracted 100 terms from short_description
TRACE [2020-08-06 16:44:03] Partitioning dataset in training and testing
TRACE [2020-08-06 16:44:03] Balancing training dataset
TRACE [2020-08-06 16:44:03] [balance_dataset]: balancing method: smote
TRACE [2020-08-06 16:44:04] Training model 
TRACE [2020-08-06 21:45:44] Long live prediction Research Question 3 - Experiment 1
TRACE [2020-08-06 21:45:44] Evaluation metrics ouput path: ~/Workspace/long-lived-bug-predictor-ml-in-r/output
TRACE [2020-08-06 21:45:44] Project name: eclipse
TRACE [2020-08-06 21:45:44] Loading or create metrics file
TRACE [2020-08-06 21:45:44] Metrics file create: ~/Workspace/long-lived-bug-predictor-ml-in-r/output/data/20200806_r3_1a_results_eclipse.csv
TRACE [2020-08-06 21:45:44] Starting in parameter number: 1
TRACE [2020-08-06 21:45:44] Bug report file name: ~/Workspace/long-lived-bug-predictor-ml-in-r/data/20200731_eclipse_bug_report_data.csv
TRACE [2020-08-06 21:45:44] DEBUG_MODE: Sample bug reports dataset
TRACE [2020-08-06 21:45:44] Clean text features
TRACE [2020-08-06 21:45:49] Processing feature         : short_description
TRACE [2020-08-06 21:45:49] Processing number of terms : 100
TRACE [2020-08-06 21:45:49] Processing classifier      : knn
TRACE [2020-08-06 21:45:49] Processing training metric : Accuracy
TRACE [2020-08-06 21:45:49] Processing threshold       : 365
TRACE [2020-08-06 21:45:49] Processing balancing       : smote
TRACE [2020-08-06 21:45:49] Processing resampling      : cv_10
TRACE [2020-08-06 21:45:49] Converting dataframe to term matrix
TRACE [2020-08-06 21:45:51] Text mining: extracted 100 terms from short_description
TRACE [2020-08-06 21:45:51] Partitioning dataset in training and testing
TRACE [2020-08-06 21:45:51] Balancing training dataset
TRACE [2020-08-06 21:45:51] [balance_dataset]: balancing method: smote
TRACE [2020-08-06 21:45:52] Training model 
TRACE [2020-08-06 21:50:35] Long live prediction Research Question 3 - Experiment 1
TRACE [2020-08-06 21:50:35] Evaluation metrics ouput path: ~/Workspace/long-lived-bug-predictor-ml-in-r/output
TRACE [2020-08-06 21:50:35] Project name: eclipse
TRACE [2020-08-06 21:50:35] Loading or create metrics file
TRACE [2020-08-06 21:50:35] Metrics file create: ~/Workspace/long-lived-bug-predictor-ml-in-r/output/data/20200806_r3_1a_results_eclipse.csv
TRACE [2020-08-06 21:50:35] Starting in parameter number: 1
TRACE [2020-08-06 21:50:35] Bug report file name: ~/Workspace/long-lived-bug-predictor-ml-in-r/data/20200731_eclipse_bug_report_data.csv
TRACE [2020-08-06 21:50:35] DEBUG_MODE: Sample bug reports dataset
TRACE [2020-08-06 21:50:35] Clean text features
TRACE [2020-08-06 21:50:41] Processing feature         : short_description
TRACE [2020-08-06 21:50:41] Processing number of terms : 100
TRACE [2020-08-06 21:50:41] Processing classifier      : knn
TRACE [2020-08-06 21:50:41] Processing training metric : Accuracy
TRACE [2020-08-06 21:50:41] Processing threshold       : 365
TRACE [2020-08-06 21:50:41] Processing balancing       : smote
TRACE [2020-08-06 21:50:41] Processing resampling      : k10cv
TRACE [2020-08-06 21:50:41] Converting dataframe to term matrix
TRACE [2020-08-06 21:50:43] Text mining: extracted 100 terms from short_description
TRACE [2020-08-06 21:50:43] Partitioning dataset in training and testing
TRACE [2020-08-06 21:50:43] Balancing training dataset
TRACE [2020-08-06 21:50:43] [balance_dataset]: balancing method: smote
TRACE [2020-08-06 21:50:43] Training model 
TRACE [2020-08-06 21:50:43] [get_resampling_method] Resampling model cv
TRACE [2020-08-06 21:51:21] Long live prediction Research Question 3 - Experiment 1
TRACE [2020-08-06 21:51:21] Evaluation metrics ouput path: ~/Workspace/long-lived-bug-predictor-ml-in-r/output
TRACE [2020-08-06 21:51:22] Project name: eclipse
TRACE [2020-08-06 21:51:22] Loading or create metrics file
TRACE [2020-08-06 21:51:22] Metrics file create: ~/Workspace/long-lived-bug-predictor-ml-in-r/output/data/20200806_r3_1a_results_eclipse.csv
TRACE [2020-08-06 21:51:22] Starting in parameter number: 1
TRACE [2020-08-06 21:51:22] Bug report file name: ~/Workspace/long-lived-bug-predictor-ml-in-r/data/20200731_eclipse_bug_report_data.csv
TRACE [2020-08-06 21:51:22] DEBUG_MODE: Sample bug reports dataset
TRACE [2020-08-06 21:51:22] Clean text features
TRACE [2020-08-06 21:51:27] Processing feature         : short_description
TRACE [2020-08-06 21:51:27] Processing number of terms : 100
TRACE [2020-08-06 21:51:27] Processing classifier      : knn
TRACE [2020-08-06 21:51:27] Processing training metric : Accuracy
TRACE [2020-08-06 21:51:27] Processing threshold       : 365
TRACE [2020-08-06 21:51:27] Processing balancing       : smote
TRACE [2020-08-06 21:51:27] Processing resampling      : k10cv
TRACE [2020-08-06 21:51:27] Converting dataframe to term matrix
TRACE [2020-08-06 21:51:29] Text mining: extracted 100 terms from short_description
TRACE [2020-08-06 21:51:29] Partitioning dataset in training and testing
TRACE [2020-08-06 21:51:29] Balancing training dataset
TRACE [2020-08-06 21:51:29] [balance_dataset]: balancing method: smote
TRACE [2020-08-06 21:51:29] Training model 
TRACE [2020-08-06 21:51:29] [get_resampling_method] Resampling model cv
TRACE [2020-08-06 21:51:29] [train_with_knn] Training model with KNN and Accuracy
TRACE [2020-08-06 21:53:59] Long live prediction Research Question 3 - Experiment 1
TRACE [2020-08-06 21:53:59] Evaluation metrics ouput path: ~/Workspace/long-lived-bug-predictor-ml-in-r/output
TRACE [2020-08-06 21:54:00] Project name: eclipse
TRACE [2020-08-06 21:54:00] Loading or create metrics file
TRACE [2020-08-06 21:54:00] Metrics file create: ~/Workspace/long-lived-bug-predictor-ml-in-r/output/data/20200806_r3_1a_results_eclipse.csv
TRACE [2020-08-06 21:54:00] Starting in parameter number: 1
TRACE [2020-08-06 21:54:00] Bug report file name: ~/Workspace/long-lived-bug-predictor-ml-in-r/data/20200731_eclipse_bug_report_data.csv
TRACE [2020-08-06 21:54:00] DEBUG_MODE: Sample bug reports dataset
TRACE [2020-08-06 21:54:00] Clean text features
TRACE [2020-08-06 21:54:05] Processing feature         : short_description
TRACE [2020-08-06 21:54:05] Processing number of terms : 100
TRACE [2020-08-06 21:54:05] Processing classifier      : knn
TRACE [2020-08-06 21:54:05] Processing training metric : Accuracy
TRACE [2020-08-06 21:54:05] Processing threshold       : 365
TRACE [2020-08-06 21:54:05] Processing balancing       : smote
TRACE [2020-08-06 21:54:05] Processing resampling      : k10cv
TRACE [2020-08-06 21:54:05] Converting dataframe to term matrix
TRACE [2020-08-06 21:54:07] Text mining: extracted 100 terms from short_description
TRACE [2020-08-06 21:54:07] Partitioning dataset in training and testing
TRACE [2020-08-06 21:54:07] Balancing training dataset
TRACE [2020-08-06 21:54:07] [balance_dataset]: balancing method: smote
TRACE [2020-08-06 21:54:07] Training model 
TRACE [2020-08-06 21:54:07] [get_resampling_method] Resampling model cv
TRACE [2020-08-06 21:54:07] [train_with_knn] Training model with KNN and Accuracy
TRACE [2020-08-06 21:56:23] Long live prediction Research Question 3 - Experiment 1
TRACE [2020-08-06 21:56:23] Evaluation metrics ouput path: ~/Workspace/long-lived-bug-predictor-ml-in-r/output
TRACE [2020-08-06 21:56:23] Project name: eclipse
TRACE [2020-08-06 21:56:23] Loading or create metrics file
TRACE [2020-08-06 21:56:23] Metrics file create: ~/Workspace/long-lived-bug-predictor-ml-in-r/output/data/20200806_r3_1a_results_eclipse.csv
TRACE [2020-08-06 21:56:23] Starting in parameter number: 1
TRACE [2020-08-06 21:56:23] Bug report file name: ~/Workspace/long-lived-bug-predictor-ml-in-r/data/20200731_eclipse_bug_report_data.csv
TRACE [2020-08-06 21:56:23] DEBUG_MODE: Sample bug reports dataset
TRACE [2020-08-06 21:56:23] Clean text features
TRACE [2020-08-06 21:56:28] Processing feature         : short_description
TRACE [2020-08-06 21:56:28] Processing number of terms : 100
TRACE [2020-08-06 21:56:28] Processing classifier      : knn
TRACE [2020-08-06 21:56:28] Processing training metric : Accuracy
TRACE [2020-08-06 21:56:28] Processing threshold       : 365
TRACE [2020-08-06 21:56:28] Processing balancing       : smote
TRACE [2020-08-06 21:56:28] Processing resampling      : k10cv
TRACE [2020-08-06 21:56:28] Converting dataframe to term matrix
TRACE [2020-08-06 21:56:30] Text mining: extracted 100 terms from short_description
TRACE [2020-08-06 21:56:30] Partitioning dataset in training and testing
TRACE [2020-08-06 21:56:30] Balancing training dataset
TRACE [2020-08-06 21:56:30] [balance_dataset]: balancing method: smote
TRACE [2020-08-06 21:56:31] Training model 
TRACE [2020-08-06 21:56:31] [get_resampling_method] Resampling model k10cv
TRACE [2020-08-06 21:56:31] [train_with_knn] Training model with KNN and Accuracy
TRACE [2020-08-06 22:00:37] Long live prediction Research Question 3 - Experiment 1
TRACE [2020-08-06 22:00:37] Evaluation metrics ouput path: ~/Workspace/long-lived-bug-predictor-ml-in-r/output
TRACE [2020-08-06 22:00:37] Project name: eclipse
TRACE [2020-08-06 22:00:37] Loading or create metrics file
TRACE [2020-08-06 22:00:37] Metrics file create: ~/Workspace/long-lived-bug-predictor-ml-in-r/output/data/20200806_r3_1a_results_eclipse.csv
TRACE [2020-08-06 22:00:37] Starting in parameter number: 1
TRACE [2020-08-06 22:00:37] Bug report file name: ~/Workspace/long-lived-bug-predictor-ml-in-r/data/20200731_eclipse_bug_report_data.csv
TRACE [2020-08-06 22:00:37] DEBUG_MODE: Sample bug reports dataset
TRACE [2020-08-06 22:00:37] Clean text features
TRACE [2020-08-06 22:00:42] Processing feature         : short_description
TRACE [2020-08-06 22:00:42] Processing number of terms : 100
TRACE [2020-08-06 22:00:42] Processing classifier      : knn
TRACE [2020-08-06 22:00:42] Processing training metric : Accuracy
TRACE [2020-08-06 22:00:42] Processing threshold       : 365
TRACE [2020-08-06 22:00:42] Processing balancing       : smote
TRACE [2020-08-06 22:00:42] Processing resampling      : k10cv
TRACE [2020-08-06 22:00:42] Converting dataframe to term matrix
TRACE [2020-08-06 22:00:45] Text mining: extracted 100 terms from short_description
TRACE [2020-08-06 22:00:45] Partitioning dataset in training and testing
TRACE [2020-08-06 22:00:45] Balancing training dataset
TRACE [2020-08-06 22:00:45] [balance_dataset]: balancing method: smote
TRACE [2020-08-06 22:00:45] Training model 
TRACE [2020-08-06 22:00:45] [get_resampling_method] Resampling model k10cv
TRACE [2020-08-06 22:00:45] [train_with_knn] Training model with KNN and Accuracy
