TRACE [2020-09-08 18:59:02] Long live prediction Research Question 4 - Experiment 2
TRACE [2020-09-08 18:59:02] Evaluation metrics ouput path: ~/Workspace/long-lived-bug-predictor-ml-in-r/output
TRACE [2020-09-08 18:59:02] Project name: eclipse
TRACE [2020-09-08 18:59:02] Loading or create metrics file
TRACE [2020-09-08 18:59:02] Starting in parameter number: 1
TRACE [2020-09-08 18:59:02] Bug report file name: ~/Workspace/long-lived-bug-predictor-ml-in-r/data/20200731_eclipse_bug_report_data.csv
TRACE [2020-09-08 18:59:02] Clean text features
TRACE [2020-09-08 18:59:34] Processing feature         : long_description
TRACE [2020-09-08 18:59:34] Processing number of terms : 100
TRACE [2020-09-08 18:59:34] Processing classifier      : svm
TRACE [2020-09-08 18:59:34] Processing training metric : Accuracy
TRACE [2020-09-08 18:59:34] Processing threshold       : 365
TRACE [2020-09-08 18:59:34] Processing balancing       : smote
TRACE [2020-09-08 18:59:34] Processing resampling      : cv10
TRACE [2020-09-08 18:59:34] Converting dataframe to term matrix
TRACE [2020-09-08 18:59:51] Text mining: extracted 100 terms from long_description
TRACE [2020-09-08 18:59:51] Partitioning dataset in training and testing
TRACE [2020-09-08 18:59:51] Balancing training dataset
TRACE [2020-09-08 18:59:51] [balance_dataset]: balancing method: smote
TRACE [2020-09-08 18:59:54] Training model 
TRACE [2020-09-08 18:59:54] [get_resampling_method] Resampling model 10cv
TRACE [2020-09-08 19:06:00] Long live prediction Research Question 4 - Experiment 2
TRACE [2020-09-08 19:06:00] Evaluation metrics ouput path: ~/Workspace/long-lived-bug-predictor-ml-in-r/output
TRACE [2020-09-08 19:06:00] Project name: eclipse
TRACE [2020-09-08 19:06:00] Loading or create metrics file
TRACE [2020-09-08 19:06:00] Starting in parameter number: 1
TRACE [2020-09-08 19:06:00] Bug report file name: ~/Workspace/long-lived-bug-predictor-ml-in-r/data/20200731_eclipse_bug_report_data.csv
TRACE [2020-09-08 19:06:00] Clean text features
TRACE [2020-09-08 19:06:33] Processing feature         : long_description
TRACE [2020-09-08 19:06:33] Processing number of terms : 100
TRACE [2020-09-08 19:06:33] Processing classifier      : svm
TRACE [2020-09-08 19:06:33] Processing training metric : Accuracy
TRACE [2020-09-08 19:06:33] Processing threshold       : 365
TRACE [2020-09-08 19:06:33] Processing balancing       : smote
TRACE [2020-09-08 19:06:33] Processing resampling      : cv10
TRACE [2020-09-08 19:06:33] Converting dataframe to term matrix
TRACE [2020-09-08 19:06:51] Text mining: extracted 100 terms from long_description
TRACE [2020-09-08 19:06:51] Partitioning dataset in training and testing
TRACE [2020-09-08 19:06:51] Balancing training dataset
TRACE [2020-09-08 19:06:51] [balance_dataset]: balancing method: smote
TRACE [2020-09-08 19:06:53] Training model 
TRACE [2020-09-08 19:06:53] [get_resampling_method] Resampling model 10cv
TRACE [2020-09-08 19:14:22] Recording training resultas in CSV file
TRACE [2020-09-08 19:14:22] Training results recorded on CSV file.
TRACE [2020-09-08 19:14:22] Processing feature         : long_description
TRACE [2020-09-08 19:14:22] Processing number of terms : 150
TRACE [2020-09-08 19:14:22] Processing classifier      : svm
TRACE [2020-09-08 19:14:22] Processing training metric : Accuracy
TRACE [2020-09-08 19:14:22] Processing threshold       : 365
TRACE [2020-09-08 19:14:22] Processing balancing       : smote
TRACE [2020-09-08 19:14:22] Processing resampling      : cv10
TRACE [2020-09-08 19:14:22] Converting dataframe to term matrix
TRACE [2020-09-08 19:14:39] Text mining: extracted 150 terms from long_description
TRACE [2020-09-08 19:14:39] Partitioning dataset in training and testing
TRACE [2020-09-08 19:14:39] Balancing training dataset
TRACE [2020-09-08 19:14:39] [balance_dataset]: balancing method: smote
TRACE [2020-09-08 19:14:42] Training model 
TRACE [2020-09-08 19:14:42] [get_resampling_method] Resampling model 10cv
TRACE [2020-09-08 19:24:02] Recording training resultas in CSV file
TRACE [2020-09-08 19:24:02] Training results recorded on CSV file.
TRACE [2020-09-08 19:24:02] Processing feature         : long_description
TRACE [2020-09-08 19:24:02] Processing number of terms : 200
TRACE [2020-09-08 19:24:02] Processing classifier      : svm
TRACE [2020-09-08 19:24:02] Processing training metric : Accuracy
TRACE [2020-09-08 19:24:02] Processing threshold       : 365
TRACE [2020-09-08 19:24:02] Processing balancing       : smote
TRACE [2020-09-08 19:24:02] Processing resampling      : cv10
TRACE [2020-09-08 19:24:02] Converting dataframe to term matrix
TRACE [2020-09-08 19:24:19] Text mining: extracted 200 terms from long_description
TRACE [2020-09-08 19:24:19] Partitioning dataset in training and testing
TRACE [2020-09-08 19:24:19] Balancing training dataset
TRACE [2020-09-08 19:24:19] [balance_dataset]: balancing method: smote
TRACE [2020-09-08 19:24:24] Training model 
TRACE [2020-09-08 19:24:24] [get_resampling_method] Resampling model 10cv
TRACE [2020-09-08 19:36:45] Recording training resultas in CSV file
TRACE [2020-09-08 19:36:45] Training results recorded on CSV file.
TRACE [2020-09-08 19:36:45] Processing feature         : long_description
TRACE [2020-09-08 19:36:45] Processing number of terms : 250
TRACE [2020-09-08 19:36:45] Processing classifier      : svm
TRACE [2020-09-08 19:36:45] Processing training metric : Accuracy
TRACE [2020-09-08 19:36:45] Processing threshold       : 365
TRACE [2020-09-08 19:36:45] Processing balancing       : smote
TRACE [2020-09-08 19:36:45] Processing resampling      : cv10
TRACE [2020-09-08 19:36:45] Converting dataframe to term matrix
TRACE [2020-09-08 19:37:02] Text mining: extracted 250 terms from long_description
TRACE [2020-09-08 19:37:02] Partitioning dataset in training and testing
TRACE [2020-09-08 19:37:02] Balancing training dataset
TRACE [2020-09-08 19:37:02] [balance_dataset]: balancing method: smote
TRACE [2020-09-08 19:37:08] Training model 
TRACE [2020-09-08 19:37:08] [get_resampling_method] Resampling model 10cv
TRACE [2020-09-08 19:52:34] Recording training resultas in CSV file
TRACE [2020-09-08 19:52:34] Training results recorded on CSV file.
TRACE [2020-09-08 19:52:34] Processing feature         : long_description
TRACE [2020-09-08 19:52:34] Processing number of terms : 300
TRACE [2020-09-08 19:52:34] Processing classifier      : svm
TRACE [2020-09-08 19:52:34] Processing training metric : Accuracy
TRACE [2020-09-08 19:52:34] Processing threshold       : 365
TRACE [2020-09-08 19:52:34] Processing balancing       : smote
TRACE [2020-09-08 19:52:34] Processing resampling      : cv10
TRACE [2020-09-08 19:52:34] Converting dataframe to term matrix
TRACE [2020-09-08 19:52:50] Text mining: extracted 300 terms from long_description
TRACE [2020-09-08 19:52:50] Partitioning dataset in training and testing
TRACE [2020-09-08 19:52:50] Balancing training dataset
TRACE [2020-09-08 19:52:50] [balance_dataset]: balancing method: smote
TRACE [2020-09-08 19:52:58] Training model 
TRACE [2020-09-08 19:52:58] [get_resampling_method] Resampling model 10cv
TRACE [2020-09-08 20:12:51] Recording training resultas in CSV file
TRACE [2020-09-08 20:12:51] Training results recorded on CSV file.
