TRACE [2020-09-10 20:11:27] Long live prediction Research Question 4 - Experiment 1
TRACE [2020-09-10 20:11:27] Evaluation metrics ouput path: ~/Workspace/long-lived-bug-predictor-ml-in-r/output
TRACE [2020-09-10 20:11:27] Project name: eclipse
TRACE [2020-09-10 20:11:27] Loading or create metrics file
TRACE [2020-09-10 20:11:27] Starting in parameter number: 1
TRACE [2020-09-10 20:11:27] Bug report file name: ~/Workspace/long-lived-bug-predictor-ml-in-r/data/20200731_eclipse_bug_report_data.csv
TRACE [2020-09-10 20:11:27] Clean text feature
TRACE [2020-09-10 20:12:02] Processing feature         : long_description
TRACE [2020-09-10 20:12:02] Processing number of terms : 100
TRACE [2020-09-10 20:12:02] Processing classifier      : knn
TRACE [2020-09-10 20:12:02] Processing training metric : Accuracy
TRACE [2020-09-10 20:12:02] Processing threshold       : 365
TRACE [2020-09-10 20:12:02] Processing balancing       : smote
TRACE [2020-09-10 20:12:02] Processing resampling      : cv10
TRACE [2020-09-10 20:12:02] Converting dataframe to term matrix
TRACE [2020-09-10 20:12:19] Text mining: extracted 100 terms from long_description
TRACE [2020-09-10 20:12:19] Partitioning dataset in training and testing
TRACE [2020-09-10 20:12:19] Balancing training dataset
TRACE [2020-09-10 20:12:19] [balance_dataset]: balancing method: smote
TRACE [2020-09-10 20:12:22] Training model 
TRACE [2020-09-10 20:12:22] [get_resampling_method] Resampling model 10cv
TRACE [2020-09-10 20:12:22] [train_with_knn] Training model with KNN and Accuracy
TRACE [2020-09-10 20:12:50] Recording best tune hyperparameters in CSV file
TRACE [2020-09-10 20:12:50] Processing feature         : long_description
TRACE [2020-09-10 20:12:50] Processing number of terms : 100
TRACE [2020-09-10 20:12:50] Processing classifier      : knn
TRACE [2020-09-10 20:12:50] Processing training metric : Accuracy
TRACE [2020-09-10 20:12:50] Processing threshold       : 365
TRACE [2020-09-10 20:12:50] Processing balancing       : unbalanced
TRACE [2020-09-10 20:12:50] Processing resampling      : cv10
TRACE [2020-09-10 20:12:50] Partitioning dataset in training and testing
TRACE [2020-09-10 20:12:50] Balancing training dataset
TRACE [2020-09-10 20:12:50] [balance_dataset]: balancing method: unbalanced
TRACE [2020-09-10 20:12:50] Training model 
TRACE [2020-09-10 20:12:50] [get_resampling_method] Resampling model 10cv
TRACE [2020-09-10 20:12:50] [train_with_knn] Training model with KNN and Accuracy
TRACE [2020-09-10 20:12:59] Recording best tune hyperparameters in CSV file
TRACE [2020-09-10 20:12:59] Processing feature         : long_description
TRACE [2020-09-10 20:12:59] Processing number of terms : 100
TRACE [2020-09-10 20:12:59] Processing classifier      : nb
TRACE [2020-09-10 20:12:59] Processing training metric : Accuracy
TRACE [2020-09-10 20:12:59] Processing threshold       : 365
TRACE [2020-09-10 20:12:59] Processing balancing       : smote
TRACE [2020-09-10 20:12:59] Processing resampling      : cv10
TRACE [2020-09-10 20:12:59] Partitioning dataset in training and testing
TRACE [2020-09-10 20:12:59] Balancing training dataset
TRACE [2020-09-10 20:12:59] [balance_dataset]: balancing method: smote
TRACE [2020-09-10 20:13:00] Training model 
TRACE [2020-09-10 20:13:00] [get_resampling_method] Resampling model 10cv
TRACE [2020-09-10 20:13:00] [train_with_nb] Training model with NB and Accuracy
TRACE [2020-09-10 20:16:01] Recording best tune hyperparameters in CSV file
TRACE [2020-09-10 20:16:01] Processing feature         : long_description
TRACE [2020-09-10 20:16:01] Processing number of terms : 100
TRACE [2020-09-10 20:16:01] Processing classifier      : nb
TRACE [2020-09-10 20:16:01] Processing training metric : Accuracy
TRACE [2020-09-10 20:16:01] Processing threshold       : 365
TRACE [2020-09-10 20:16:01] Processing balancing       : unbalanced
TRACE [2020-09-10 20:16:01] Processing resampling      : cv10
TRACE [2020-09-10 20:16:01] Partitioning dataset in training and testing
TRACE [2020-09-10 20:16:01] Balancing training dataset
TRACE [2020-09-10 20:16:01] [balance_dataset]: balancing method: unbalanced
TRACE [2020-09-10 20:16:01] Training model 
TRACE [2020-09-10 20:16:01] [get_resampling_method] Resampling model 10cv
TRACE [2020-09-10 20:16:01] [train_with_nb] Training model with NB and Accuracy
TRACE [2020-09-10 20:17:42] Recording best tune hyperparameters in CSV file
TRACE [2020-09-10 20:17:42] Processing feature         : long_description
TRACE [2020-09-10 20:17:42] Processing number of terms : 100
TRACE [2020-09-10 20:17:42] Processing classifier      : nn
TRACE [2020-09-10 20:17:42] Processing training metric : Accuracy
TRACE [2020-09-10 20:17:42] Processing threshold       : 365
TRACE [2020-09-10 20:17:42] Processing balancing       : smote
TRACE [2020-09-10 20:17:42] Processing resampling      : cv10
TRACE [2020-09-10 20:17:42] Partitioning dataset in training and testing
TRACE [2020-09-10 20:17:42] Balancing training dataset
TRACE [2020-09-10 20:17:42] [balance_dataset]: balancing method: smote
TRACE [2020-09-10 20:17:43] Training model 
TRACE [2020-09-10 20:17:43] [get_resampling_method] Resampling model 10cv
TRACE [2020-09-10 20:17:43] [train_with_nnet] Training model with NNET and Accuracy
TRACE [2020-09-10 20:19:53] Recording best tune hyperparameters in CSV file
TRACE [2020-09-10 20:19:53] Processing feature         : long_description
TRACE [2020-09-10 20:19:53] Processing number of terms : 100
TRACE [2020-09-10 20:19:53] Processing classifier      : nn
TRACE [2020-09-10 20:19:53] Processing training metric : Accuracy
TRACE [2020-09-10 20:19:53] Processing threshold       : 365
TRACE [2020-09-10 20:19:53] Processing balancing       : unbalanced
TRACE [2020-09-10 20:19:53] Processing resampling      : cv10
TRACE [2020-09-10 20:19:53] Partitioning dataset in training and testing
TRACE [2020-09-10 20:19:53] Balancing training dataset
TRACE [2020-09-10 20:19:53] [balance_dataset]: balancing method: unbalanced
TRACE [2020-09-10 20:19:53] Training model 
TRACE [2020-09-10 20:19:53] [get_resampling_method] Resampling model 10cv
TRACE [2020-09-10 20:19:53] [train_with_nnet] Training model with NNET and Accuracy
TRACE [2020-09-10 20:20:36] Recording best tune hyperparameters in CSV file
TRACE [2020-09-10 20:20:36] Processing feature         : long_description
TRACE [2020-09-10 20:20:36] Processing number of terms : 100
TRACE [2020-09-10 20:20:36] Processing classifier      : rf
TRACE [2020-09-10 20:20:36] Processing training metric : Accuracy
TRACE [2020-09-10 20:20:36] Processing threshold       : 365
TRACE [2020-09-10 20:20:36] Processing balancing       : smote
TRACE [2020-09-10 20:20:36] Processing resampling      : cv10
TRACE [2020-09-10 20:20:36] Partitioning dataset in training and testing
TRACE [2020-09-10 20:20:36] Balancing training dataset
TRACE [2020-09-10 20:20:36] [balance_dataset]: balancing method: smote
TRACE [2020-09-10 20:20:38] Training model 
TRACE [2020-09-10 20:20:38] [get_resampling_method] Resampling model 10cv
TRACE [2020-09-10 20:20:38] [train_with_rf] Training model with RF and Accuracy
TRACE [2020-09-10 20:23:09] Recording best tune hyperparameters in CSV file
TRACE [2020-09-10 20:23:09] Processing feature         : long_description
TRACE [2020-09-10 20:23:09] Processing number of terms : 100
TRACE [2020-09-10 20:23:09] Processing classifier      : rf
TRACE [2020-09-10 20:23:09] Processing training metric : Accuracy
TRACE [2020-09-10 20:23:09] Processing threshold       : 365
TRACE [2020-09-10 20:23:09] Processing balancing       : unbalanced
TRACE [2020-09-10 20:23:09] Processing resampling      : cv10
TRACE [2020-09-10 20:23:09] Partitioning dataset in training and testing
TRACE [2020-09-10 20:23:09] Balancing training dataset
TRACE [2020-09-10 20:23:09] [balance_dataset]: balancing method: unbalanced
TRACE [2020-09-10 20:23:09] Training model 
TRACE [2020-09-10 20:23:09] [get_resampling_method] Resampling model 10cv
TRACE [2020-09-10 20:23:09] [train_with_rf] Training model with RF and Accuracy
TRACE [2020-09-10 20:25:54] Recording best tune hyperparameters in CSV file
TRACE [2020-09-10 20:25:54] Processing feature         : long_description
TRACE [2020-09-10 20:25:54] Processing number of terms : 100
TRACE [2020-09-10 20:25:54] Processing classifier      : svm
TRACE [2020-09-10 20:25:54] Processing training metric : Accuracy
TRACE [2020-09-10 20:25:54] Processing threshold       : 365
TRACE [2020-09-10 20:25:54] Processing balancing       : smote
TRACE [2020-09-10 20:25:54] Processing resampling      : cv10
TRACE [2020-09-10 20:25:54] Partitioning dataset in training and testing
TRACE [2020-09-10 20:25:54] Balancing training dataset
TRACE [2020-09-10 20:25:54] [balance_dataset]: balancing method: smote
TRACE [2020-09-10 20:25:56] Training model 
TRACE [2020-09-10 20:25:56] [get_resampling_method] Resampling model 10cv
TRACE [2020-09-10 20:25:56] [train_with_svm] Training model with SVM and Accuracy
TRACE [2020-09-10 21:11:02] Recording best tune hyperparameters in CSV file
TRACE [2020-09-10 21:11:02] Processing feature         : long_description
TRACE [2020-09-10 21:11:02] Processing number of terms : 100
TRACE [2020-09-10 21:11:02] Processing classifier      : svm
TRACE [2020-09-10 21:11:02] Processing training metric : Accuracy
TRACE [2020-09-10 21:11:02] Processing threshold       : 365
TRACE [2020-09-10 21:11:02] Processing balancing       : unbalanced
TRACE [2020-09-10 21:11:02] Processing resampling      : cv10
TRACE [2020-09-10 21:11:02] Partitioning dataset in training and testing
TRACE [2020-09-10 21:11:02] Balancing training dataset
TRACE [2020-09-10 21:11:02] [balance_dataset]: balancing method: unbalanced
TRACE [2020-09-10 21:11:02] Training model 
TRACE [2020-09-10 21:11:02] [get_resampling_method] Resampling model 10cv
TRACE [2020-09-10 21:11:02] [train_with_svm] Training model with SVM and Accuracy
TRACE [2020-09-10 21:24:55] Recording best tune hyperparameters in CSV file
TRACE [2020-09-10 21:24:55] Processing feature         : short_description
TRACE [2020-09-10 21:24:55] Processing number of terms : 100
TRACE [2020-09-10 21:24:55] Processing classifier      : knn
TRACE [2020-09-10 21:24:55] Processing training metric : Accuracy
TRACE [2020-09-10 21:24:55] Processing threshold       : 365
TRACE [2020-09-10 21:24:55] Processing balancing       : smote
TRACE [2020-09-10 21:24:55] Processing resampling      : cv10
TRACE [2020-09-10 21:24:55] Converting dataframe to term matrix
TRACE [2020-09-10 21:25:03] Text mining: extracted 100 terms from short_description
TRACE [2020-09-10 21:25:03] Partitioning dataset in training and testing
TRACE [2020-09-10 21:25:03] Balancing training dataset
TRACE [2020-09-10 21:25:03] [balance_dataset]: balancing method: smote
TRACE [2020-09-10 21:25:05] Training model 
TRACE [2020-09-10 21:25:05] [get_resampling_method] Resampling model 10cv
TRACE [2020-09-10 21:25:05] [train_with_knn] Training model with KNN and Accuracy
TRACE [2020-09-10 21:25:19] Recording best tune hyperparameters in CSV file
TRACE [2020-09-10 21:25:19] Processing feature         : short_description
TRACE [2020-09-10 21:25:19] Processing number of terms : 100
TRACE [2020-09-10 21:25:19] Processing classifier      : knn
TRACE [2020-09-10 21:25:19] Processing training metric : Accuracy
TRACE [2020-09-10 21:25:19] Processing threshold       : 365
TRACE [2020-09-10 21:25:19] Processing balancing       : unbalanced
TRACE [2020-09-10 21:25:19] Processing resampling      : cv10
TRACE [2020-09-10 21:25:19] Partitioning dataset in training and testing
TRACE [2020-09-10 21:25:19] Balancing training dataset
TRACE [2020-09-10 21:25:19] [balance_dataset]: balancing method: unbalanced
TRACE [2020-09-10 21:25:19] Training model 
TRACE [2020-09-10 21:25:19] [get_resampling_method] Resampling model 10cv
TRACE [2020-09-10 21:25:19] [train_with_knn] Training model with KNN and Accuracy
TRACE [2020-09-10 21:25:25] Recording best tune hyperparameters in CSV file
TRACE [2020-09-10 21:25:25] Processing feature         : short_description
TRACE [2020-09-10 21:25:25] Processing number of terms : 100
TRACE [2020-09-10 21:25:25] Processing classifier      : nb
TRACE [2020-09-10 21:25:25] Processing training metric : Accuracy
TRACE [2020-09-10 21:25:25] Processing threshold       : 365
TRACE [2020-09-10 21:25:25] Processing balancing       : smote
TRACE [2020-09-10 21:25:25] Processing resampling      : cv10
TRACE [2020-09-10 21:25:25] Partitioning dataset in training and testing
TRACE [2020-09-10 21:25:25] Balancing training dataset
TRACE [2020-09-10 21:25:25] [balance_dataset]: balancing method: smote
TRACE [2020-09-10 21:25:26] Training model 
TRACE [2020-09-10 21:25:26] [get_resampling_method] Resampling model 10cv
TRACE [2020-09-10 21:25:26] [train_with_nb] Training model with NB and Accuracy
TRACE [2020-09-10 21:28:05] Recording best tune hyperparameters in CSV file
TRACE [2020-09-10 21:28:05] Processing feature         : short_description
TRACE [2020-09-10 21:28:05] Processing number of terms : 100
TRACE [2020-09-10 21:28:05] Processing classifier      : nb
TRACE [2020-09-10 21:28:05] Processing training metric : Accuracy
TRACE [2020-09-10 21:28:05] Processing threshold       : 365
TRACE [2020-09-10 21:28:05] Processing balancing       : unbalanced
TRACE [2020-09-10 21:28:05] Processing resampling      : cv10
TRACE [2020-09-10 21:28:05] Partitioning dataset in training and testing
TRACE [2020-09-10 21:28:05] Balancing training dataset
TRACE [2020-09-10 21:28:05] [balance_dataset]: balancing method: unbalanced
TRACE [2020-09-10 21:28:05] Training model 
TRACE [2020-09-10 21:28:05] [get_resampling_method] Resampling model 10cv
TRACE [2020-09-10 21:28:05] [train_with_nb] Training model with NB and Accuracy
TRACE [2020-09-10 21:29:31] Recording best tune hyperparameters in CSV file
TRACE [2020-09-10 21:29:31] Processing feature         : short_description
TRACE [2020-09-10 21:29:31] Processing number of terms : 100
TRACE [2020-09-10 21:29:31] Processing classifier      : nn
TRACE [2020-09-10 21:29:31] Processing training metric : Accuracy
TRACE [2020-09-10 21:29:31] Processing threshold       : 365
TRACE [2020-09-10 21:29:31] Processing balancing       : smote
TRACE [2020-09-10 21:29:31] Processing resampling      : cv10
TRACE [2020-09-10 21:29:31] Partitioning dataset in training and testing
TRACE [2020-09-10 21:29:31] Balancing training dataset
TRACE [2020-09-10 21:29:31] [balance_dataset]: balancing method: smote
TRACE [2020-09-10 21:29:32] Training model 
TRACE [2020-09-10 21:29:32] [get_resampling_method] Resampling model 10cv
TRACE [2020-09-10 21:29:32] [train_with_nnet] Training model with NNET and Accuracy
TRACE [2020-09-10 21:31:50] Recording best tune hyperparameters in CSV file
TRACE [2020-09-10 21:31:50] Processing feature         : short_description
TRACE [2020-09-10 21:31:50] Processing number of terms : 100
TRACE [2020-09-10 21:31:50] Processing classifier      : nn
TRACE [2020-09-10 21:31:50] Processing training metric : Accuracy
TRACE [2020-09-10 21:31:50] Processing threshold       : 365
TRACE [2020-09-10 21:31:50] Processing balancing       : unbalanced
TRACE [2020-09-10 21:31:50] Processing resampling      : cv10
TRACE [2020-09-10 21:31:50] Partitioning dataset in training and testing
TRACE [2020-09-10 21:31:50] Balancing training dataset
TRACE [2020-09-10 21:31:50] [balance_dataset]: balancing method: unbalanced
TRACE [2020-09-10 21:31:50] Training model 
TRACE [2020-09-10 21:31:50] [get_resampling_method] Resampling model 10cv
TRACE [2020-09-10 21:31:50] [train_with_nnet] Training model with NNET and Accuracy
TRACE [2020-09-10 21:33:07] Recording best tune hyperparameters in CSV file
TRACE [2020-09-10 21:33:07] Processing feature         : short_description
TRACE [2020-09-10 21:33:07] Processing number of terms : 100
TRACE [2020-09-10 21:33:07] Processing classifier      : rf
TRACE [2020-09-10 21:33:07] Processing training metric : Accuracy
TRACE [2020-09-10 21:33:07] Processing threshold       : 365
TRACE [2020-09-10 21:33:07] Processing balancing       : smote
TRACE [2020-09-10 21:33:07] Processing resampling      : cv10
TRACE [2020-09-10 21:33:07] Partitioning dataset in training and testing
TRACE [2020-09-10 21:33:07] Balancing training dataset
TRACE [2020-09-10 21:33:07] [balance_dataset]: balancing method: smote
TRACE [2020-09-10 21:33:08] Training model 
TRACE [2020-09-10 21:33:08] [get_resampling_method] Resampling model 10cv
TRACE [2020-09-10 21:33:08] [train_with_rf] Training model with RF and Accuracy
TRACE [2020-09-10 21:40:53] Recording best tune hyperparameters in CSV file
TRACE [2020-09-10 21:40:53] Processing feature         : short_description
TRACE [2020-09-10 21:40:53] Processing number of terms : 100
TRACE [2020-09-10 21:40:53] Processing classifier      : rf
TRACE [2020-09-10 21:40:53] Processing training metric : Accuracy
TRACE [2020-09-10 21:40:53] Processing threshold       : 365
TRACE [2020-09-10 21:40:53] Processing balancing       : unbalanced
TRACE [2020-09-10 21:40:53] Processing resampling      : cv10
TRACE [2020-09-10 21:40:53] Partitioning dataset in training and testing
TRACE [2020-09-10 21:40:53] Balancing training dataset
TRACE [2020-09-10 21:40:53] [balance_dataset]: balancing method: unbalanced
TRACE [2020-09-10 21:40:53] Training model 
TRACE [2020-09-10 21:40:53] [get_resampling_method] Resampling model 10cv
TRACE [2020-09-10 21:40:53] [train_with_rf] Training model with RF and Accuracy
TRACE [2020-09-10 21:44:45] Recording best tune hyperparameters in CSV file
TRACE [2020-09-10 21:44:45] Processing feature         : short_description
TRACE [2020-09-10 21:44:45] Processing number of terms : 100
TRACE [2020-09-10 21:44:45] Processing classifier      : svm
TRACE [2020-09-10 21:44:45] Processing training metric : Accuracy
TRACE [2020-09-10 21:44:45] Processing threshold       : 365
TRACE [2020-09-10 21:44:45] Processing balancing       : smote
TRACE [2020-09-10 21:44:45] Processing resampling      : cv10
TRACE [2020-09-10 21:44:45] Partitioning dataset in training and testing
TRACE [2020-09-10 21:44:45] Balancing training dataset
TRACE [2020-09-10 21:44:45] [balance_dataset]: balancing method: smote
TRACE [2020-09-10 21:44:47] Training model 
TRACE [2020-09-10 21:44:47] [get_resampling_method] Resampling model 10cv
TRACE [2020-09-10 21:44:47] [train_with_svm] Training model with SVM and Accuracy
TRACE [2020-09-10 22:12:29] Recording best tune hyperparameters in CSV file
TRACE [2020-09-10 22:12:29] Processing feature         : short_description
TRACE [2020-09-10 22:12:29] Processing number of terms : 100
TRACE [2020-09-10 22:12:29] Processing classifier      : svm
TRACE [2020-09-10 22:12:29] Processing training metric : Accuracy
TRACE [2020-09-10 22:12:29] Processing threshold       : 365
TRACE [2020-09-10 22:12:29] Processing balancing       : unbalanced
TRACE [2020-09-10 22:12:29] Processing resampling      : cv10
TRACE [2020-09-10 22:12:29] Partitioning dataset in training and testing
TRACE [2020-09-10 22:12:29] Balancing training dataset
TRACE [2020-09-10 22:12:29] [balance_dataset]: balancing method: unbalanced
TRACE [2020-09-10 22:12:29] Training model 
TRACE [2020-09-10 22:12:29] [get_resampling_method] Resampling model 10cv
TRACE [2020-09-10 22:12:29] [train_with_svm] Training model with SVM and Accuracy
TRACE [2020-09-10 22:20:23] Recording best tune hyperparameters in CSV file
TRACE [2020-09-10 22:20:23] Training results recorded on CSV file.
