TRACE [2020-09-14 04:43:14] Long live prediction Research Question 4 - Experiment 3b
TRACE [2020-09-14 04:43:14] Evaluation metrics ouput path: ~/Workspace/long-lived-bug-predictor-ml-in-r/output/data
TRACE [2020-09-14 04:43:14] Current project name : eclipse
TRACE [2020-09-14 04:43:14] Bug report file name: ~/Workspace/long-lived-bug-predictor-ml-in-r/data/20200731_eclipse_bug_report_data.csv
TRACE [2020-09-14 04:43:14] Clean text feature
TRACE [2020-09-14 04:43:48] Converting dataframe to term matrix
TRACE [2020-09-14 04:44:06] Text mining: extracted 150 terms from long_description
TRACE [2020-09-14 04:44:06] SEED <144>
TRACE [2020-09-14 04:44:06] Current parameters:
 N.Terms...: [150]
 Classifier: [nn]
 Metric...: [Accuracy]
 Feature...: [long_description]
 Threshold.: [8]
 Balancing.: [smote]
 Resampling: [cv10]
TRACE [2020-09-14 04:44:06] Partitioning dataset in training and testing
TRACE [2020-09-14 04:44:06] Balancing training dataset
TRACE [2020-09-14 04:44:06] [balance_dataset]: balancing method: smote
TRACE [2020-09-14 04:44:17] Training prediction model 
TRACE [2020-09-14 04:44:17] [train_with_nnet] Training model with NNET and Accuracy
TRACE [2020-09-14 04:45:47] Calculating training results metrics
TRACE [2020-09-14 04:45:47] Testing predicting model 
TRACE [2020-09-14 04:45:47] SEED <283>
TRACE [2020-09-14 04:45:47] Current parameters:
 N.Terms...: [150]
 Classifier: [nn]
 Metric...: [Accuracy]
 Feature...: [long_description]
 Threshold.: [8]
 Balancing.: [smote]
 Resampling: [cv10]
TRACE [2020-09-14 04:45:47] Partitioning dataset in training and testing
TRACE [2020-09-14 04:45:47] Balancing training dataset
TRACE [2020-09-14 04:45:47] [balance_dataset]: balancing method: smote
TRACE [2020-09-14 04:45:57] Training prediction model 
TRACE [2020-09-14 04:45:57] [train_with_nnet] Training model with NNET and Accuracy
TRACE [2020-09-14 04:47:23] Calculating training results metrics
TRACE [2020-09-14 04:47:23] Testing predicting model 
TRACE [2020-09-14 04:47:23] SEED <1087>
TRACE [2020-09-14 04:47:23] Current parameters:
 N.Terms...: [150]
 Classifier: [nn]
 Metric...: [Accuracy]
 Feature...: [long_description]
 Threshold.: [8]
 Balancing.: [smote]
 Resampling: [cv10]
TRACE [2020-09-14 04:47:23] Partitioning dataset in training and testing
TRACE [2020-09-14 04:47:23] Balancing training dataset
TRACE [2020-09-14 04:47:23] [balance_dataset]: balancing method: smote
TRACE [2020-09-14 04:47:34] Training prediction model 
TRACE [2020-09-14 04:47:34] [train_with_nnet] Training model with NNET and Accuracy
TRACE [2020-09-14 04:49:00] Calculating training results metrics
TRACE [2020-09-14 04:49:00] Testing predicting model 
TRACE [2020-09-14 04:49:00] SEED <2293>
TRACE [2020-09-14 04:49:00] Current parameters:
 N.Terms...: [150]
 Classifier: [nn]
 Metric...: [Accuracy]
 Feature...: [long_description]
 Threshold.: [8]
 Balancing.: [smote]
 Resampling: [cv10]
TRACE [2020-09-14 04:49:00] Partitioning dataset in training and testing
TRACE [2020-09-14 04:49:00] Balancing training dataset
TRACE [2020-09-14 04:49:00] [balance_dataset]: balancing method: smote
TRACE [2020-09-14 04:49:11] Training prediction model 
TRACE [2020-09-14 04:49:11] [train_with_nnet] Training model with NNET and Accuracy
TRACE [2020-09-14 04:50:37] Calculating training results metrics
TRACE [2020-09-14 04:50:37] Testing predicting model 
TRACE [2020-09-14 04:50:37] SEED <3581>
TRACE [2020-09-14 04:50:37] Current parameters:
 N.Terms...: [150]
 Classifier: [nn]
 Metric...: [Accuracy]
 Feature...: [long_description]
 Threshold.: [8]
 Balancing.: [smote]
 Resampling: [cv10]
TRACE [2020-09-14 04:50:37] Partitioning dataset in training and testing
TRACE [2020-09-14 04:50:37] Balancing training dataset
TRACE [2020-09-14 04:50:37] [balance_dataset]: balancing method: smote
TRACE [2020-09-14 04:50:47] Training prediction model 
TRACE [2020-09-14 04:50:47] [train_with_nnet] Training model with NNET and Accuracy
TRACE [2020-09-14 04:52:15] Calculating training results metrics
TRACE [2020-09-14 04:52:15] Testing predicting model 
TRACE [2020-09-14 04:52:15] Training results recorded on CSV file.
TRACE [2020-09-14 04:52:15] Converting dataframe to term matrix
TRACE [2020-09-14 04:52:32] Text mining: extracted 150 terms from long_description
TRACE [2020-09-14 04:52:32] SEED <144>
TRACE [2020-09-14 04:52:32] Current parameters:
 N.Terms...: [150]
 Classifier: [nn]
 Metric...: [Accuracy]
 Feature...: [long_description]
 Threshold.: [59]
 Balancing.: [smote]
 Resampling: [cv10]
TRACE [2020-09-14 04:52:32] Partitioning dataset in training and testing
TRACE [2020-09-14 04:52:32] Balancing training dataset
TRACE [2020-09-14 04:52:32] [balance_dataset]: balancing method: smote
TRACE [2020-09-14 04:52:41] Training prediction model 
TRACE [2020-09-14 04:52:41] [train_with_nnet] Training model with NNET and Accuracy
TRACE [2020-09-14 04:54:31] Calculating training results metrics
TRACE [2020-09-14 04:54:31] Testing predicting model 
TRACE [2020-09-14 04:54:31] SEED <283>
TRACE [2020-09-14 04:54:31] Current parameters:
 N.Terms...: [150]
 Classifier: [nn]
 Metric...: [Accuracy]
 Feature...: [long_description]
 Threshold.: [59]
 Balancing.: [smote]
 Resampling: [cv10]
TRACE [2020-09-14 04:54:31] Partitioning dataset in training and testing
TRACE [2020-09-14 04:54:31] Balancing training dataset
TRACE [2020-09-14 04:54:31] [balance_dataset]: balancing method: smote
TRACE [2020-09-14 04:54:39] Training prediction model 
TRACE [2020-09-14 04:54:39] [train_with_nnet] Training model with NNET and Accuracy
TRACE [2020-09-14 04:56:27] Calculating training results metrics
TRACE [2020-09-14 04:56:27] Testing predicting model 
TRACE [2020-09-14 04:56:27] SEED <1087>
TRACE [2020-09-14 04:56:27] Current parameters:
 N.Terms...: [150]
 Classifier: [nn]
 Metric...: [Accuracy]
 Feature...: [long_description]
 Threshold.: [59]
 Balancing.: [smote]
 Resampling: [cv10]
TRACE [2020-09-14 04:56:27] Partitioning dataset in training and testing
TRACE [2020-09-14 04:56:27] Balancing training dataset
TRACE [2020-09-14 04:56:27] [balance_dataset]: balancing method: smote
TRACE [2020-09-14 04:56:36] Training prediction model 
TRACE [2020-09-14 04:56:36] [train_with_nnet] Training model with NNET and Accuracy
TRACE [2020-09-14 04:58:21] Calculating training results metrics
TRACE [2020-09-14 04:58:21] Testing predicting model 
TRACE [2020-09-14 04:58:21] SEED <2293>
TRACE [2020-09-14 04:58:21] Current parameters:
 N.Terms...: [150]
 Classifier: [nn]
 Metric...: [Accuracy]
 Feature...: [long_description]
 Threshold.: [59]
 Balancing.: [smote]
 Resampling: [cv10]
TRACE [2020-09-14 04:58:21] Partitioning dataset in training and testing
TRACE [2020-09-14 04:58:21] Balancing training dataset
TRACE [2020-09-14 04:58:21] [balance_dataset]: balancing method: smote
TRACE [2020-09-14 04:58:28] Training prediction model 
TRACE [2020-09-14 04:58:28] [train_with_nnet] Training model with NNET and Accuracy
TRACE [2020-09-14 05:00:16] Calculating training results metrics
TRACE [2020-09-14 05:00:16] Testing predicting model 
TRACE [2020-09-14 05:00:16] SEED <3581>
TRACE [2020-09-14 05:00:16] Current parameters:
 N.Terms...: [150]
 Classifier: [nn]
 Metric...: [Accuracy]
 Feature...: [long_description]
 Threshold.: [59]
 Balancing.: [smote]
 Resampling: [cv10]
TRACE [2020-09-14 05:00:16] Partitioning dataset in training and testing
TRACE [2020-09-14 05:00:16] Balancing training dataset
TRACE [2020-09-14 05:00:16] [balance_dataset]: balancing method: smote
TRACE [2020-09-14 05:00:24] Training prediction model 
TRACE [2020-09-14 05:00:24] [train_with_nnet] Training model with NNET and Accuracy
TRACE [2020-09-14 05:02:12] Calculating training results metrics
TRACE [2020-09-14 05:02:12] Testing predicting model 
TRACE [2020-09-14 05:02:12] Training results recorded on CSV file.
TRACE [2020-09-14 05:02:12] Converting dataframe to term matrix
TRACE [2020-09-14 05:02:30] Text mining: extracted 150 terms from long_description
TRACE [2020-09-14 05:02:30] SEED <144>
TRACE [2020-09-14 05:02:30] Current parameters:
 N.Terms...: [150]
 Classifier: [nn]
 Metric...: [Accuracy]
 Feature...: [long_description]
 Threshold.: [102]
 Balancing.: [smote]
 Resampling: [cv10]
TRACE [2020-09-14 05:02:30] Partitioning dataset in training and testing
TRACE [2020-09-14 05:02:30] Balancing training dataset
TRACE [2020-09-14 05:02:30] [balance_dataset]: balancing method: smote
TRACE [2020-09-14 05:02:38] Training prediction model 
TRACE [2020-09-14 05:02:38] [train_with_nnet] Training model with NNET and Accuracy
TRACE [2020-09-14 05:04:50] Calculating training results metrics
TRACE [2020-09-14 05:04:50] Testing predicting model 
TRACE [2020-09-14 05:04:50] SEED <283>
TRACE [2020-09-14 05:04:50] Current parameters:
 N.Terms...: [150]
 Classifier: [nn]
 Metric...: [Accuracy]
 Feature...: [long_description]
 Threshold.: [102]
 Balancing.: [smote]
 Resampling: [cv10]
TRACE [2020-09-14 05:04:50] Partitioning dataset in training and testing
TRACE [2020-09-14 05:04:50] Balancing training dataset
TRACE [2020-09-14 05:04:50] [balance_dataset]: balancing method: smote
TRACE [2020-09-14 05:04:57] Training prediction model 
TRACE [2020-09-14 05:04:57] [train_with_nnet] Training model with NNET and Accuracy
TRACE [2020-09-14 05:07:08] Calculating training results metrics
TRACE [2020-09-14 05:07:08] Testing predicting model 
TRACE [2020-09-14 05:07:08] SEED <1087>
TRACE [2020-09-14 05:07:08] Current parameters:
 N.Terms...: [150]
 Classifier: [nn]
 Metric...: [Accuracy]
 Feature...: [long_description]
 Threshold.: [102]
 Balancing.: [smote]
 Resampling: [cv10]
TRACE [2020-09-14 05:07:08] Partitioning dataset in training and testing
TRACE [2020-09-14 05:07:08] Balancing training dataset
TRACE [2020-09-14 05:07:08] [balance_dataset]: balancing method: smote
TRACE [2020-09-14 05:07:15] Training prediction model 
TRACE [2020-09-14 05:07:15] [train_with_nnet] Training model with NNET and Accuracy
TRACE [2020-09-14 05:09:26] Calculating training results metrics
TRACE [2020-09-14 05:09:26] Testing predicting model 
TRACE [2020-09-14 05:09:26] SEED <2293>
TRACE [2020-09-14 05:09:26] Current parameters:
 N.Terms...: [150]
 Classifier: [nn]
 Metric...: [Accuracy]
 Feature...: [long_description]
 Threshold.: [102]
 Balancing.: [smote]
 Resampling: [cv10]
TRACE [2020-09-14 05:09:26] Partitioning dataset in training and testing
TRACE [2020-09-14 05:09:26] Balancing training dataset
TRACE [2020-09-14 05:09:26] [balance_dataset]: balancing method: smote
TRACE [2020-09-14 05:09:33] Training prediction model 
TRACE [2020-09-14 05:09:33] [train_with_nnet] Training model with NNET and Accuracy
TRACE [2020-09-14 05:11:42] Calculating training results metrics
TRACE [2020-09-14 05:11:42] Testing predicting model 
TRACE [2020-09-14 05:11:42] SEED <3581>
TRACE [2020-09-14 05:11:42] Current parameters:
 N.Terms...: [150]
 Classifier: [nn]
 Metric...: [Accuracy]
 Feature...: [long_description]
 Threshold.: [102]
 Balancing.: [smote]
 Resampling: [cv10]
TRACE [2020-09-14 05:11:42] Partitioning dataset in training and testing
TRACE [2020-09-14 05:11:42] Balancing training dataset
TRACE [2020-09-14 05:11:42] [balance_dataset]: balancing method: smote
TRACE [2020-09-14 05:11:49] Training prediction model 
TRACE [2020-09-14 05:11:49] [train_with_nnet] Training model with NNET and Accuracy
TRACE [2020-09-14 05:14:00] Calculating training results metrics
TRACE [2020-09-14 05:14:00] Testing predicting model 
TRACE [2020-09-14 05:14:00] Training results recorded on CSV file.
TRACE [2020-09-14 05:14:00] Converting dataframe to term matrix
TRACE [2020-09-14 05:14:17] Text mining: extracted 150 terms from long_description
TRACE [2020-09-14 05:14:17] SEED <144>
TRACE [2020-09-14 05:14:17] Current parameters:
 N.Terms...: [150]
 Classifier: [nn]
 Metric...: [Accuracy]
 Feature...: [long_description]
 Threshold.: [365]
 Balancing.: [smote]
 Resampling: [cv10]
TRACE [2020-09-14 05:14:17] Partitioning dataset in training and testing
TRACE [2020-09-14 05:14:17] Balancing training dataset
TRACE [2020-09-14 05:14:17] [balance_dataset]: balancing method: smote
TRACE [2020-09-14 05:14:21] Training prediction model 
TRACE [2020-09-14 05:14:21] [train_with_nnet] Training model with NNET and Accuracy
TRACE [2020-09-14 05:16:54] Calculating training results metrics
TRACE [2020-09-14 05:16:54] Testing predicting model 
TRACE [2020-09-14 05:16:54] SEED <283>
TRACE [2020-09-14 05:16:54] Current parameters:
 N.Terms...: [150]
 Classifier: [nn]
 Metric...: [Accuracy]
 Feature...: [long_description]
 Threshold.: [365]
 Balancing.: [smote]
 Resampling: [cv10]
TRACE [2020-09-14 05:16:54] Partitioning dataset in training and testing
TRACE [2020-09-14 05:16:54] Balancing training dataset
TRACE [2020-09-14 05:16:54] [balance_dataset]: balancing method: smote
TRACE [2020-09-14 05:16:57] Training prediction model 
TRACE [2020-09-14 05:16:57] [train_with_nnet] Training model with NNET and Accuracy
TRACE [2020-09-14 05:19:29] Calculating training results metrics
TRACE [2020-09-14 05:19:29] Testing predicting model 
TRACE [2020-09-14 05:19:29] SEED <1087>
TRACE [2020-09-14 05:19:29] Current parameters:
 N.Terms...: [150]
 Classifier: [nn]
 Metric...: [Accuracy]
 Feature...: [long_description]
 Threshold.: [365]
 Balancing.: [smote]
 Resampling: [cv10]
TRACE [2020-09-14 05:19:29] Partitioning dataset in training and testing
TRACE [2020-09-14 05:19:29] Balancing training dataset
TRACE [2020-09-14 05:19:29] [balance_dataset]: balancing method: smote
TRACE [2020-09-14 05:19:32] Training prediction model 
TRACE [2020-09-14 05:19:32] [train_with_nnet] Training model with NNET and Accuracy
TRACE [2020-09-14 05:22:07] Calculating training results metrics
TRACE [2020-09-14 05:22:07] Testing predicting model 
TRACE [2020-09-14 05:22:07] SEED <2293>
TRACE [2020-09-14 05:22:07] Current parameters:
 N.Terms...: [150]
 Classifier: [nn]
 Metric...: [Accuracy]
 Feature...: [long_description]
 Threshold.: [365]
 Balancing.: [smote]
 Resampling: [cv10]
TRACE [2020-09-14 05:22:07] Partitioning dataset in training and testing
TRACE [2020-09-14 05:22:07] Balancing training dataset
TRACE [2020-09-14 05:22:07] [balance_dataset]: balancing method: smote
TRACE [2020-09-14 05:22:11] Training prediction model 
TRACE [2020-09-14 05:22:11] [train_with_nnet] Training model with NNET and Accuracy
TRACE [2020-09-14 05:24:41] Calculating training results metrics
TRACE [2020-09-14 05:24:41] Testing predicting model 
TRACE [2020-09-14 05:24:41] SEED <3581>
TRACE [2020-09-14 05:24:41] Current parameters:
 N.Terms...: [150]
 Classifier: [nn]
 Metric...: [Accuracy]
 Feature...: [long_description]
 Threshold.: [365]
 Balancing.: [smote]
 Resampling: [cv10]
TRACE [2020-09-14 05:24:41] Partitioning dataset in training and testing
TRACE [2020-09-14 05:24:41] Balancing training dataset
TRACE [2020-09-14 05:24:41] [balance_dataset]: balancing method: smote
TRACE [2020-09-14 05:24:44] Training prediction model 
TRACE [2020-09-14 05:24:44] [train_with_nnet] Training model with NNET and Accuracy
TRACE [2020-09-14 05:27:19] Calculating training results metrics
TRACE [2020-09-14 05:27:19] Testing predicting model 
TRACE [2020-09-14 05:27:19] Training results recorded on CSV file.
TRACE [2020-09-14 05:27:19] Converting dataframe to term matrix
TRACE [2020-09-14 05:27:36] Text mining: extracted 150 terms from long_description
TRACE [2020-09-14 05:27:36] SEED <144>
TRACE [2020-09-14 05:27:36] Current parameters:
 N.Terms...: [150]
 Classifier: [svm]
 Metric...: [Accuracy]
 Feature...: [long_description]
 Threshold.: [8]
 Balancing.: [smote]
 Resampling: [cv10]
TRACE [2020-09-14 05:27:36] Partitioning dataset in training and testing
TRACE [2020-09-14 05:27:36] Balancing training dataset
TRACE [2020-09-14 05:27:36] [balance_dataset]: balancing method: smote
TRACE [2020-09-14 05:27:47] Training prediction model 
TRACE [2020-09-14 05:27:47] [train_with_svm] Training model with SVM and Accuracy
TRACE [2020-09-14 05:32:13] Calculating training results metrics
TRACE [2020-09-14 05:32:13] Testing predicting model 
TRACE [2020-09-14 05:32:15] SEED <283>
TRACE [2020-09-14 05:32:15] Current parameters:
 N.Terms...: [150]
 Classifier: [svm]
 Metric...: [Accuracy]
 Feature...: [long_description]
 Threshold.: [8]
 Balancing.: [smote]
 Resampling: [cv10]
TRACE [2020-09-14 05:32:15] Partitioning dataset in training and testing
TRACE [2020-09-14 05:32:15] Balancing training dataset
TRACE [2020-09-14 05:32:15] [balance_dataset]: balancing method: smote
TRACE [2020-09-14 05:32:26] Training prediction model 
TRACE [2020-09-14 05:32:26] [train_with_svm] Training model with SVM and Accuracy
TRACE [2020-09-14 05:36:42] Calculating training results metrics
TRACE [2020-09-14 05:36:42] Testing predicting model 
TRACE [2020-09-14 05:36:43] SEED <1087>
TRACE [2020-09-14 05:36:43] Current parameters:
 N.Terms...: [150]
 Classifier: [svm]
 Metric...: [Accuracy]
 Feature...: [long_description]
 Threshold.: [8]
 Balancing.: [smote]
 Resampling: [cv10]
TRACE [2020-09-14 05:36:43] Partitioning dataset in training and testing
TRACE [2020-09-14 05:36:43] Balancing training dataset
TRACE [2020-09-14 05:36:43] [balance_dataset]: balancing method: smote
TRACE [2020-09-14 05:36:54] Training prediction model 
TRACE [2020-09-14 05:36:54] [train_with_svm] Training model with SVM and Accuracy
TRACE [2020-09-14 05:41:16] Calculating training results metrics
TRACE [2020-09-14 05:41:16] Testing predicting model 
TRACE [2020-09-14 05:41:17] SEED <2293>
TRACE [2020-09-14 05:41:17] Current parameters:
 N.Terms...: [150]
 Classifier: [svm]
 Metric...: [Accuracy]
 Feature...: [long_description]
 Threshold.: [8]
 Balancing.: [smote]
 Resampling: [cv10]
TRACE [2020-09-14 05:41:17] Partitioning dataset in training and testing
TRACE [2020-09-14 05:41:17] Balancing training dataset
TRACE [2020-09-14 05:41:17] [balance_dataset]: balancing method: smote
TRACE [2020-09-14 05:41:28] Training prediction model 
TRACE [2020-09-14 05:41:28] [train_with_svm] Training model with SVM and Accuracy
TRACE [2020-09-14 05:45:51] Calculating training results metrics
TRACE [2020-09-14 05:45:51] Testing predicting model 
TRACE [2020-09-14 05:45:52] SEED <3581>
TRACE [2020-09-14 05:45:52] Current parameters:
 N.Terms...: [150]
 Classifier: [svm]
 Metric...: [Accuracy]
 Feature...: [long_description]
 Threshold.: [8]
 Balancing.: [smote]
 Resampling: [cv10]
TRACE [2020-09-14 05:45:52] Partitioning dataset in training and testing
TRACE [2020-09-14 05:45:52] Balancing training dataset
TRACE [2020-09-14 05:45:52] [balance_dataset]: balancing method: smote
TRACE [2020-09-14 05:46:02] Training prediction model 
TRACE [2020-09-14 05:46:02] [train_with_svm] Training model with SVM and Accuracy
TRACE [2020-09-14 05:50:27] Calculating training results metrics
TRACE [2020-09-14 05:50:27] Testing predicting model 
TRACE [2020-09-14 05:50:28] Training results recorded on CSV file.
TRACE [2020-09-14 05:50:28] Converting dataframe to term matrix
TRACE [2020-09-14 05:50:45] Text mining: extracted 150 terms from long_description
TRACE [2020-09-14 05:50:45] SEED <144>
TRACE [2020-09-14 05:50:45] Current parameters:
 N.Terms...: [150]
 Classifier: [svm]
 Metric...: [Accuracy]
 Feature...: [long_description]
 Threshold.: [59]
 Balancing.: [smote]
 Resampling: [cv10]
TRACE [2020-09-14 05:50:45] Partitioning dataset in training and testing
TRACE [2020-09-14 05:50:45] Balancing training dataset
TRACE [2020-09-14 05:50:45] [balance_dataset]: balancing method: smote
TRACE [2020-09-14 05:50:54] Training prediction model 
TRACE [2020-09-14 05:50:54] [train_with_svm] Training model with SVM and Accuracy
TRACE [2020-09-14 05:57:28] Calculating training results metrics
TRACE [2020-09-14 05:57:28] Testing predicting model 
TRACE [2020-09-14 05:57:30] SEED <283>
TRACE [2020-09-14 05:57:30] Current parameters:
 N.Terms...: [150]
 Classifier: [svm]
 Metric...: [Accuracy]
 Feature...: [long_description]
 Threshold.: [59]
 Balancing.: [smote]
 Resampling: [cv10]
TRACE [2020-09-14 05:57:30] Partitioning dataset in training and testing
TRACE [2020-09-14 05:57:30] Balancing training dataset
TRACE [2020-09-14 05:57:30] [balance_dataset]: balancing method: smote
TRACE [2020-09-14 05:57:38] Training prediction model 
TRACE [2020-09-14 05:57:38] [train_with_svm] Training model with SVM and Accuracy
TRACE [2020-09-14 06:04:15] Calculating training results metrics
TRACE [2020-09-14 06:04:15] Testing predicting model 
TRACE [2020-09-14 06:04:16] SEED <1087>
TRACE [2020-09-14 06:04:16] Current parameters:
 N.Terms...: [150]
 Classifier: [svm]
 Metric...: [Accuracy]
 Feature...: [long_description]
 Threshold.: [59]
 Balancing.: [smote]
 Resampling: [cv10]
TRACE [2020-09-14 06:04:17] Partitioning dataset in training and testing
TRACE [2020-09-14 06:04:17] Balancing training dataset
TRACE [2020-09-14 06:04:17] [balance_dataset]: balancing method: smote
TRACE [2020-09-14 06:04:25] Training prediction model 
TRACE [2020-09-14 06:04:25] [train_with_svm] Training model with SVM and Accuracy
TRACE [2020-09-14 06:10:56] Calculating training results metrics
TRACE [2020-09-14 06:10:56] Testing predicting model 
TRACE [2020-09-14 06:10:58] SEED <2293>
TRACE [2020-09-14 06:10:58] Current parameters:
 N.Terms...: [150]
 Classifier: [svm]
 Metric...: [Accuracy]
 Feature...: [long_description]
 Threshold.: [59]
 Balancing.: [smote]
 Resampling: [cv10]
TRACE [2020-09-14 06:10:58] Partitioning dataset in training and testing
TRACE [2020-09-14 06:10:58] Balancing training dataset
TRACE [2020-09-14 06:10:58] [balance_dataset]: balancing method: smote
TRACE [2020-09-14 06:11:06] Training prediction model 
TRACE [2020-09-14 06:11:06] [train_with_svm] Training model with SVM and Accuracy
TRACE [2020-09-14 06:17:47] Calculating training results metrics
TRACE [2020-09-14 06:17:47] Testing predicting model 
TRACE [2020-09-14 06:17:49] SEED <3581>
TRACE [2020-09-14 06:17:49] Current parameters:
 N.Terms...: [150]
 Classifier: [svm]
 Metric...: [Accuracy]
 Feature...: [long_description]
 Threshold.: [59]
 Balancing.: [smote]
 Resampling: [cv10]
TRACE [2020-09-14 06:17:49] Partitioning dataset in training and testing
TRACE [2020-09-14 06:17:49] Balancing training dataset
TRACE [2020-09-14 06:17:49] [balance_dataset]: balancing method: smote
TRACE [2020-09-14 06:17:57] Training prediction model 
TRACE [2020-09-14 06:17:57] [train_with_svm] Training model with SVM and Accuracy
TRACE [2020-09-14 06:24:34] Calculating training results metrics
TRACE [2020-09-14 06:24:34] Testing predicting model 
TRACE [2020-09-14 06:24:36] Training results recorded on CSV file.
TRACE [2020-09-14 06:24:36] Converting dataframe to term matrix
TRACE [2020-09-14 06:24:53] Text mining: extracted 150 terms from long_description
TRACE [2020-09-14 06:24:53] SEED <144>
TRACE [2020-09-14 06:24:53] Current parameters:
 N.Terms...: [150]
 Classifier: [svm]
 Metric...: [Accuracy]
 Feature...: [long_description]
 Threshold.: [102]
 Balancing.: [smote]
 Resampling: [cv10]
TRACE [2020-09-14 06:24:53] Partitioning dataset in training and testing
TRACE [2020-09-14 06:24:53] Balancing training dataset
TRACE [2020-09-14 06:24:53] [balance_dataset]: balancing method: smote
TRACE [2020-09-14 06:25:02] Training prediction model 
TRACE [2020-09-14 06:25:02] [train_with_svm] Training model with SVM and Accuracy
TRACE [2020-09-14 06:34:24] Calculating training results metrics
TRACE [2020-09-14 06:34:24] Testing predicting model 
TRACE [2020-09-14 06:34:26] SEED <283>
TRACE [2020-09-14 06:34:26] Current parameters:
 N.Terms...: [150]
 Classifier: [svm]
 Metric...: [Accuracy]
 Feature...: [long_description]
 Threshold.: [102]
 Balancing.: [smote]
 Resampling: [cv10]
TRACE [2020-09-14 06:34:26] Partitioning dataset in training and testing
TRACE [2020-09-14 06:34:26] Balancing training dataset
TRACE [2020-09-14 06:34:26] [balance_dataset]: balancing method: smote
TRACE [2020-09-14 06:34:34] Training prediction model 
TRACE [2020-09-14 06:34:34] [train_with_svm] Training model with SVM and Accuracy
TRACE [2020-09-14 06:43:55] Calculating training results metrics
TRACE [2020-09-14 06:43:55] Testing predicting model 
TRACE [2020-09-14 06:43:58] SEED <1087>
TRACE [2020-09-14 06:43:58] Current parameters:
 N.Terms...: [150]
 Classifier: [svm]
 Metric...: [Accuracy]
 Feature...: [long_description]
 Threshold.: [102]
 Balancing.: [smote]
 Resampling: [cv10]
TRACE [2020-09-14 06:43:58] Partitioning dataset in training and testing
TRACE [2020-09-14 06:43:58] Balancing training dataset
TRACE [2020-09-14 06:43:58] [balance_dataset]: balancing method: smote
TRACE [2020-09-14 06:44:05] Training prediction model 
TRACE [2020-09-14 06:44:05] [train_with_svm] Training model with SVM and Accuracy
TRACE [2020-09-14 06:53:29] Calculating training results metrics
TRACE [2020-09-14 06:53:29] Testing predicting model 
TRACE [2020-09-14 06:53:30] SEED <2293>
TRACE [2020-09-14 06:53:30] Current parameters:
 N.Terms...: [150]
 Classifier: [svm]
 Metric...: [Accuracy]
 Feature...: [long_description]
 Threshold.: [102]
 Balancing.: [smote]
 Resampling: [cv10]
TRACE [2020-09-14 06:53:30] Partitioning dataset in training and testing
TRACE [2020-09-14 06:53:30] Balancing training dataset
TRACE [2020-09-14 06:53:30] [balance_dataset]: balancing method: smote
TRACE [2020-09-14 06:53:37] Training prediction model 
TRACE [2020-09-14 06:53:37] [train_with_svm] Training model with SVM and Accuracy
TRACE [2020-09-14 07:03:27] Calculating training results metrics
TRACE [2020-09-14 07:03:27] Testing predicting model 
TRACE [2020-09-14 07:03:28] SEED <3581>
TRACE [2020-09-14 07:03:28] Current parameters:
 N.Terms...: [150]
 Classifier: [svm]
 Metric...: [Accuracy]
 Feature...: [long_description]
 Threshold.: [102]
 Balancing.: [smote]
 Resampling: [cv10]
TRACE [2020-09-14 07:03:28] Partitioning dataset in training and testing
TRACE [2020-09-14 07:03:28] Balancing training dataset
TRACE [2020-09-14 07:03:28] [balance_dataset]: balancing method: smote
TRACE [2020-09-14 07:03:36] Training prediction model 
TRACE [2020-09-14 07:03:36] [train_with_svm] Training model with SVM and Accuracy
TRACE [2020-09-14 07:12:57] Calculating training results metrics
TRACE [2020-09-14 07:12:57] Testing predicting model 
TRACE [2020-09-14 07:12:58] Training results recorded on CSV file.
TRACE [2020-09-14 07:12:58] Converting dataframe to term matrix
TRACE [2020-09-14 07:13:16] Text mining: extracted 150 terms from long_description
TRACE [2020-09-14 07:13:16] SEED <144>
TRACE [2020-09-14 07:13:16] Current parameters:
 N.Terms...: [150]
 Classifier: [svm]
 Metric...: [Accuracy]
 Feature...: [long_description]
 Threshold.: [365]
 Balancing.: [smote]
 Resampling: [cv10]
TRACE [2020-09-14 07:13:16] Partitioning dataset in training and testing
TRACE [2020-09-14 07:13:16] Balancing training dataset
TRACE [2020-09-14 07:13:16] [balance_dataset]: balancing method: smote
TRACE [2020-09-14 07:13:20] Training prediction model 
TRACE [2020-09-14 07:13:20] [train_with_svm] Training model with SVM and Accuracy
TRACE [2020-09-14 07:22:57] Calculating training results metrics
TRACE [2020-09-14 07:22:57] Testing predicting model 
TRACE [2020-09-14 07:22:58] SEED <283>
TRACE [2020-09-14 07:22:58] Current parameters:
 N.Terms...: [150]
 Classifier: [svm]
 Metric...: [Accuracy]
 Feature...: [long_description]
 Threshold.: [365]
 Balancing.: [smote]
 Resampling: [cv10]
TRACE [2020-09-14 07:22:58] Partitioning dataset in training and testing
TRACE [2020-09-14 07:22:58] Balancing training dataset
TRACE [2020-09-14 07:22:58] [balance_dataset]: balancing method: smote
TRACE [2020-09-14 07:23:01] Training prediction model 
TRACE [2020-09-14 07:23:01] [train_with_svm] Training model with SVM and Accuracy
TRACE [2020-09-14 07:32:21] Calculating training results metrics
TRACE [2020-09-14 07:32:21] Testing predicting model 
TRACE [2020-09-14 07:32:22] SEED <1087>
TRACE [2020-09-14 07:32:22] Current parameters:
 N.Terms...: [150]
 Classifier: [svm]
 Metric...: [Accuracy]
 Feature...: [long_description]
 Threshold.: [365]
 Balancing.: [smote]
 Resampling: [cv10]
TRACE [2020-09-14 07:32:22] Partitioning dataset in training and testing
TRACE [2020-09-14 07:32:22] Balancing training dataset
TRACE [2020-09-14 07:32:22] [balance_dataset]: balancing method: smote
TRACE [2020-09-14 07:32:25] Training prediction model 
TRACE [2020-09-14 07:32:25] [train_with_svm] Training model with SVM and Accuracy
TRACE [2020-09-14 07:42:07] Calculating training results metrics
TRACE [2020-09-14 07:42:07] Testing predicting model 
TRACE [2020-09-14 07:42:08] SEED <2293>
TRACE [2020-09-14 07:42:08] Current parameters:
 N.Terms...: [150]
 Classifier: [svm]
 Metric...: [Accuracy]
 Feature...: [long_description]
 Threshold.: [365]
 Balancing.: [smote]
 Resampling: [cv10]
TRACE [2020-09-14 07:42:08] Partitioning dataset in training and testing
TRACE [2020-09-14 07:42:08] Balancing training dataset
TRACE [2020-09-14 07:42:08] [balance_dataset]: balancing method: smote
TRACE [2020-09-14 07:42:12] Training prediction model 
TRACE [2020-09-14 07:42:12] [train_with_svm] Training model with SVM and Accuracy
TRACE [2020-09-14 07:51:52] Calculating training results metrics
TRACE [2020-09-14 07:51:52] Testing predicting model 
TRACE [2020-09-14 07:51:54] SEED <3581>
TRACE [2020-09-14 07:51:54] Current parameters:
 N.Terms...: [150]
 Classifier: [svm]
 Metric...: [Accuracy]
 Feature...: [long_description]
 Threshold.: [365]
 Balancing.: [smote]
 Resampling: [cv10]
TRACE [2020-09-14 07:51:54] Partitioning dataset in training and testing
TRACE [2020-09-14 07:51:54] Balancing training dataset
TRACE [2020-09-14 07:51:54] [balance_dataset]: balancing method: smote
TRACE [2020-09-14 07:51:57] Training prediction model 
TRACE [2020-09-14 07:51:57] [train_with_svm] Training model with SVM and Accuracy
TRACE [2020-09-14 08:01:43] Calculating training results metrics
TRACE [2020-09-14 08:01:43] Testing predicting model 
TRACE [2020-09-14 08:01:44] Training results recorded on CSV file.
TRACE [2020-09-14 11:03:53] Long live prediction Research Question 4 - Experiment 3b
TRACE [2020-09-14 11:03:53] Evaluation metrics ouput path: ~/Workspace/long-lived-bug-predictor-ml-in-r/output/data
TRACE [2020-09-14 11:03:53] Current project name : eclipse
TRACE [2020-09-14 11:03:53] Bug report file name: ~/Workspace/long-lived-bug-predictor-ml-in-r/data/20200731_eclipse_bug_report_data.csv
TRACE [2020-09-14 11:03:53] Clean text feature
TRACE [2020-09-14 11:04:27] Converting dataframe to term matrix
TRACE [2020-09-14 11:04:44] Text mining: extracted 150 terms from long_description
TRACE [2020-09-14 11:04:44] SEED <144>
TRACE [2020-09-14 11:04:44] Current parameters:
 N.Terms...: [150]
 Classifier: [svm]
 Metric...: [Accuracy]
 Feature...: [long_description]
 Threshold.: [8]
 Balancing.: [smote]
 Resampling: [cv10]
TRACE [2020-09-14 11:04:44] Partitioning dataset in training and testing
TRACE [2020-09-14 11:04:44] Balancing training dataset
TRACE [2020-09-14 11:04:44] [balance_dataset]: balancing method: smote
TRACE [2020-09-14 11:04:55] Training prediction model 
TRACE [2020-09-14 11:04:55] [train_with_svm] Training model with SVM and Accuracy
TRACE [2020-09-14 11:09:12] Calculating training results metrics
TRACE [2020-09-14 11:09:12] Testing predicting model 
TRACE [2020-09-14 11:09:15] SEED <283>
TRACE [2020-09-14 11:09:15] Current parameters:
 N.Terms...: [150]
 Classifier: [svm]
 Metric...: [Accuracy]
 Feature...: [long_description]
 Threshold.: [8]
 Balancing.: [smote]
 Resampling: [cv10]
TRACE [2020-09-14 11:09:15] Partitioning dataset in training and testing
TRACE [2020-09-14 11:09:15] Balancing training dataset
TRACE [2020-09-14 11:09:15] [balance_dataset]: balancing method: smote
TRACE [2020-09-14 11:09:25] Training prediction model 
TRACE [2020-09-14 11:09:25] [train_with_svm] Training model with SVM and Accuracy
TRACE [2020-09-14 11:13:43] Calculating training results metrics
TRACE [2020-09-14 11:13:43] Testing predicting model 
TRACE [2020-09-14 11:13:45] SEED <1087>
TRACE [2020-09-14 11:13:45] Current parameters:
 N.Terms...: [150]
 Classifier: [svm]
 Metric...: [Accuracy]
 Feature...: [long_description]
 Threshold.: [8]
 Balancing.: [smote]
 Resampling: [cv10]
TRACE [2020-09-14 11:13:45] Partitioning dataset in training and testing
TRACE [2020-09-14 11:13:45] Balancing training dataset
TRACE [2020-09-14 11:13:45] [balance_dataset]: balancing method: smote
TRACE [2020-09-14 11:13:56] Training prediction model 
TRACE [2020-09-14 11:13:56] [train_with_svm] Training model with SVM and Accuracy
TRACE [2020-09-14 11:18:22] Long live prediction Research Question 4 - Experiment 3b
TRACE [2020-09-14 11:18:22] Evaluation metrics ouput path: ~/Workspace/long-lived-bug-predictor-ml-in-r/output/data
TRACE [2020-09-14 11:18:22] Current project name : eclipse
TRACE [2020-09-14 11:18:22] Bug report file name: ~/Workspace/long-lived-bug-predictor-ml-in-r/data/20200731_eclipse_bug_report_data.csv
TRACE [2020-09-14 11:18:22] Clean text feature
TRACE [2020-09-14 11:18:57] Converting dataframe to term matrix
TRACE [2020-09-14 11:19:14] Text mining: extracted 150 terms from long_description
TRACE [2020-09-14 11:19:14] SEED <144>
TRACE [2020-09-14 11:19:14] Current parameters:
 N.Terms...: [150]
 Classifier: [svm]
 Metric...: [Accuracy]
 Feature...: [long_description]
 Threshold.: [8]
 Balancing.: [smote]
 Resampling: [cv10]
TRACE [2020-09-14 11:19:14] Partitioning dataset in training and testing
TRACE [2020-09-14 11:19:14] Balancing training dataset
TRACE [2020-09-14 11:19:14] [balance_dataset]: balancing method: smote
TRACE [2020-09-14 11:19:25] Training prediction model 
TRACE [2020-09-14 11:19:25] [train_with_svm] Training model with SVM and Accuracy
TRACE [2020-09-14 11:23:43] Calculating training results metrics
TRACE [2020-09-14 11:23:43] Testing predicting model 
TRACE [2020-09-14 11:23:46] SEED <283>
TRACE [2020-09-14 11:23:46] Current parameters:
 N.Terms...: [150]
 Classifier: [svm]
 Metric...: [Accuracy]
 Feature...: [long_description]
 Threshold.: [8]
 Balancing.: [smote]
 Resampling: [cv10]
TRACE [2020-09-14 11:23:46] Partitioning dataset in training and testing
TRACE [2020-09-14 11:23:46] Balancing training dataset
TRACE [2020-09-14 11:23:46] [balance_dataset]: balancing method: smote
TRACE [2020-09-14 11:23:56] Training prediction model 
TRACE [2020-09-14 11:23:56] [train_with_svm] Training model with SVM and Accuracy
TRACE [2020-09-14 11:28:15] Calculating training results metrics
TRACE [2020-09-14 11:28:15] Testing predicting model 
TRACE [2020-09-14 11:28:17] SEED <1087>
TRACE [2020-09-14 11:28:17] Current parameters:
 N.Terms...: [150]
 Classifier: [svm]
 Metric...: [Accuracy]
 Feature...: [long_description]
 Threshold.: [8]
 Balancing.: [smote]
 Resampling: [cv10]
TRACE [2020-09-14 11:28:17] Partitioning dataset in training and testing
TRACE [2020-09-14 11:28:17] Balancing training dataset
TRACE [2020-09-14 11:28:17] [balance_dataset]: balancing method: smote
TRACE [2020-09-14 11:28:28] Training prediction model 
TRACE [2020-09-14 11:28:28] [train_with_svm] Training model with SVM and Accuracy
TRACE [2020-09-14 11:32:52] Calculating training results metrics
TRACE [2020-09-14 11:32:52] Testing predicting model 
TRACE [2020-09-14 11:32:53] SEED <2293>
TRACE [2020-09-14 11:32:53] Current parameters:
 N.Terms...: [150]
 Classifier: [svm]
 Metric...: [Accuracy]
 Feature...: [long_description]
 Threshold.: [8]
 Balancing.: [smote]
 Resampling: [cv10]
TRACE [2020-09-14 11:32:53] Partitioning dataset in training and testing
TRACE [2020-09-14 11:32:53] Balancing training dataset
TRACE [2020-09-14 11:32:53] [balance_dataset]: balancing method: smote
TRACE [2020-09-14 11:33:04] Training prediction model 
TRACE [2020-09-14 11:33:04] [train_with_svm] Training model with SVM and Accuracy
TRACE [2020-09-14 11:37:21] Calculating training results metrics
TRACE [2020-09-14 11:37:21] Testing predicting model 
TRACE [2020-09-14 11:37:22] SEED <3581>
TRACE [2020-09-14 11:37:22] Current parameters:
 N.Terms...: [150]
 Classifier: [svm]
 Metric...: [Accuracy]
 Feature...: [long_description]
 Threshold.: [8]
 Balancing.: [smote]
 Resampling: [cv10]
TRACE [2020-09-14 11:37:22] Partitioning dataset in training and testing
TRACE [2020-09-14 11:37:22] Balancing training dataset
TRACE [2020-09-14 11:37:22] [balance_dataset]: balancing method: smote
TRACE [2020-09-14 11:37:32] Training prediction model 
TRACE [2020-09-14 11:37:32] [train_with_svm] Training model with SVM and Accuracy
TRACE [2020-09-14 11:41:55] Calculating training results metrics
TRACE [2020-09-14 11:41:55] Testing predicting model 
TRACE [2020-09-14 11:41:57] Converting dataframe to term matrix
TRACE [2020-09-14 11:42:14] Text mining: extracted 150 terms from long_description
TRACE [2020-09-14 11:42:14] SEED <144>
TRACE [2020-09-14 11:42:14] Current parameters:
 N.Terms...: [150]
 Classifier: [svm]
 Metric...: [Accuracy]
 Feature...: [long_description]
 Threshold.: [59]
 Balancing.: [smote]
 Resampling: [cv10]
TRACE [2020-09-14 11:42:14] Partitioning dataset in training and testing
TRACE [2020-09-14 11:42:14] Balancing training dataset
TRACE [2020-09-14 11:42:14] [balance_dataset]: balancing method: smote
TRACE [2020-09-14 11:42:22] Training prediction model 
TRACE [2020-09-14 11:42:22] [train_with_svm] Training model with SVM and Accuracy
TRACE [2020-09-14 11:49:04] Calculating training results metrics
TRACE [2020-09-14 11:49:04] Testing predicting model 
TRACE [2020-09-14 11:49:06] SEED <283>
TRACE [2020-09-14 11:49:06] Current parameters:
 N.Terms...: [150]
 Classifier: [svm]
 Metric...: [Accuracy]
 Feature...: [long_description]
 Threshold.: [59]
 Balancing.: [smote]
 Resampling: [cv10]
TRACE [2020-09-14 11:49:06] Partitioning dataset in training and testing
TRACE [2020-09-14 11:49:06] Balancing training dataset
TRACE [2020-09-14 11:49:06] [balance_dataset]: balancing method: smote
TRACE [2020-09-14 11:49:14] Training prediction model 
TRACE [2020-09-14 11:49:14] [train_with_svm] Training model with SVM and Accuracy
TRACE [2020-09-14 11:55:51] Calculating training results metrics
TRACE [2020-09-14 11:55:51] Testing predicting model 
TRACE [2020-09-14 11:55:53] SEED <1087>
TRACE [2020-09-14 11:55:53] Current parameters:
 N.Terms...: [150]
 Classifier: [svm]
 Metric...: [Accuracy]
 Feature...: [long_description]
 Threshold.: [59]
 Balancing.: [smote]
 Resampling: [cv10]
TRACE [2020-09-14 11:55:53] Partitioning dataset in training and testing
TRACE [2020-09-14 11:55:53] Balancing training dataset
TRACE [2020-09-14 11:55:53] [balance_dataset]: balancing method: smote
TRACE [2020-09-14 11:56:01] Training prediction model 
TRACE [2020-09-14 11:56:01] [train_with_svm] Training model with SVM and Accuracy
TRACE [2020-09-14 12:02:33] Calculating training results metrics
TRACE [2020-09-14 12:02:33] Testing predicting model 
TRACE [2020-09-14 12:02:34] SEED <2293>
TRACE [2020-09-14 12:02:34] Current parameters:
 N.Terms...: [150]
 Classifier: [svm]
 Metric...: [Accuracy]
 Feature...: [long_description]
 Threshold.: [59]
 Balancing.: [smote]
 Resampling: [cv10]
TRACE [2020-09-14 12:02:34] Partitioning dataset in training and testing
TRACE [2020-09-14 12:02:34] Balancing training dataset
TRACE [2020-09-14 12:02:34] [balance_dataset]: balancing method: smote
TRACE [2020-09-14 12:02:42] Training prediction model 
TRACE [2020-09-14 12:02:42] [train_with_svm] Training model with SVM and Accuracy
TRACE [2020-09-14 12:09:22] Calculating training results metrics
TRACE [2020-09-14 12:09:22] Testing predicting model 
TRACE [2020-09-14 12:09:24] SEED <3581>
TRACE [2020-09-14 12:09:24] Current parameters:
 N.Terms...: [150]
 Classifier: [svm]
 Metric...: [Accuracy]
 Feature...: [long_description]
 Threshold.: [59]
 Balancing.: [smote]
 Resampling: [cv10]
TRACE [2020-09-14 12:09:24] Partitioning dataset in training and testing
TRACE [2020-09-14 12:09:24] Balancing training dataset
TRACE [2020-09-14 12:09:24] [balance_dataset]: balancing method: smote
TRACE [2020-09-14 12:09:32] Training prediction model 
TRACE [2020-09-14 12:09:32] [train_with_svm] Training model with SVM and Accuracy
TRACE [2020-09-14 12:16:07] Calculating training results metrics
TRACE [2020-09-14 12:16:07] Testing predicting model 
TRACE [2020-09-14 12:16:09] Converting dataframe to term matrix
TRACE [2020-09-14 12:16:26] Text mining: extracted 150 terms from long_description
TRACE [2020-09-14 12:16:26] SEED <144>
TRACE [2020-09-14 12:16:26] Current parameters:
 N.Terms...: [150]
 Classifier: [svm]
 Metric...: [Accuracy]
 Feature...: [long_description]
 Threshold.: [102]
 Balancing.: [smote]
 Resampling: [cv10]
TRACE [2020-09-14 12:16:26] Partitioning dataset in training and testing
TRACE [2020-09-14 12:16:26] Balancing training dataset
TRACE [2020-09-14 12:16:26] [balance_dataset]: balancing method: smote
TRACE [2020-09-14 12:16:34] Training prediction model 
TRACE [2020-09-14 12:16:34] [train_with_svm] Training model with SVM and Accuracy
TRACE [2020-09-14 12:26:04] Calculating training results metrics
TRACE [2020-09-14 12:26:04] Testing predicting model 
TRACE [2020-09-14 12:26:05] SEED <283>
TRACE [2020-09-14 12:26:05] Current parameters:
 N.Terms...: [150]
 Classifier: [svm]
 Metric...: [Accuracy]
 Feature...: [long_description]
 Threshold.: [102]
 Balancing.: [smote]
 Resampling: [cv10]
TRACE [2020-09-14 12:26:05] Partitioning dataset in training and testing
TRACE [2020-09-14 12:26:05] Balancing training dataset
TRACE [2020-09-14 12:26:05] [balance_dataset]: balancing method: smote
TRACE [2020-09-14 12:26:13] Training prediction model 
TRACE [2020-09-14 12:26:13] [train_with_svm] Training model with SVM and Accuracy
TRACE [2020-09-14 12:35:44] Calculating training results metrics
TRACE [2020-09-14 12:35:44] Testing predicting model 
TRACE [2020-09-14 12:35:47] SEED <1087>
TRACE [2020-09-14 12:35:47] Current parameters:
 N.Terms...: [150]
 Classifier: [svm]
 Metric...: [Accuracy]
 Feature...: [long_description]
 Threshold.: [102]
 Balancing.: [smote]
 Resampling: [cv10]
TRACE [2020-09-14 12:35:47] Partitioning dataset in training and testing
TRACE [2020-09-14 12:35:47] Balancing training dataset
TRACE [2020-09-14 12:35:47] [balance_dataset]: balancing method: smote
TRACE [2020-09-14 12:35:54] Training prediction model 
TRACE [2020-09-14 12:35:54] [train_with_svm] Training model with SVM and Accuracy
TRACE [2020-09-14 12:45:22] Calculating training results metrics
TRACE [2020-09-14 12:45:22] Testing predicting model 
TRACE [2020-09-14 12:45:24] SEED <2293>
TRACE [2020-09-14 12:45:24] Current parameters:
 N.Terms...: [150]
 Classifier: [svm]
 Metric...: [Accuracy]
 Feature...: [long_description]
 Threshold.: [102]
 Balancing.: [smote]
 Resampling: [cv10]
TRACE [2020-09-14 12:45:24] Partitioning dataset in training and testing
TRACE [2020-09-14 12:45:24] Balancing training dataset
TRACE [2020-09-14 12:45:24] [balance_dataset]: balancing method: smote
TRACE [2020-09-14 12:45:31] Training prediction model 
TRACE [2020-09-14 12:45:31] [train_with_svm] Training model with SVM and Accuracy
TRACE [2020-09-14 12:55:23] Calculating training results metrics
TRACE [2020-09-14 12:55:23] Testing predicting model 
TRACE [2020-09-14 12:55:25] SEED <3581>
TRACE [2020-09-14 12:55:25] Current parameters:
 N.Terms...: [150]
 Classifier: [svm]
 Metric...: [Accuracy]
 Feature...: [long_description]
 Threshold.: [102]
 Balancing.: [smote]
 Resampling: [cv10]
TRACE [2020-09-14 12:55:25] Partitioning dataset in training and testing
TRACE [2020-09-14 12:55:25] Balancing training dataset
TRACE [2020-09-14 12:55:25] [balance_dataset]: balancing method: smote
TRACE [2020-09-14 12:55:32] Training prediction model 
TRACE [2020-09-14 12:55:32] [train_with_svm] Training model with SVM and Accuracy
TRACE [2020-09-14 13:05:02] Calculating training results metrics
TRACE [2020-09-14 13:05:02] Testing predicting model 
TRACE [2020-09-14 13:05:03] Converting dataframe to term matrix
TRACE [2020-09-14 13:05:21] Text mining: extracted 150 terms from long_description
TRACE [2020-09-14 13:05:21] SEED <144>
TRACE [2020-09-14 13:05:21] Current parameters:
 N.Terms...: [150]
 Classifier: [svm]
 Metric...: [Accuracy]
 Feature...: [long_description]
 Threshold.: [365]
 Balancing.: [smote]
 Resampling: [cv10]
TRACE [2020-09-14 13:05:21] Partitioning dataset in training and testing
TRACE [2020-09-14 13:05:21] Balancing training dataset
TRACE [2020-09-14 13:05:21] [balance_dataset]: balancing method: smote
TRACE [2020-09-14 13:05:25] Training prediction model 
TRACE [2020-09-14 13:05:25] [train_with_svm] Training model with SVM and Accuracy
TRACE [2020-09-14 13:15:11] Calculating training results metrics
TRACE [2020-09-14 13:15:11] Testing predicting model 
TRACE [2020-09-14 13:15:12] SEED <283>
TRACE [2020-09-14 13:15:12] Current parameters:
 N.Terms...: [150]
 Classifier: [svm]
 Metric...: [Accuracy]
 Feature...: [long_description]
 Threshold.: [365]
 Balancing.: [smote]
 Resampling: [cv10]
TRACE [2020-09-14 13:15:12] Partitioning dataset in training and testing
TRACE [2020-09-14 13:15:12] Balancing training dataset
TRACE [2020-09-14 13:15:12] [balance_dataset]: balancing method: smote
TRACE [2020-09-14 13:15:16] Training prediction model 
TRACE [2020-09-14 13:15:16] [train_with_svm] Training model with SVM and Accuracy
TRACE [2020-09-14 13:24:46] Calculating training results metrics
TRACE [2020-09-14 13:24:46] Testing predicting model 
TRACE [2020-09-14 13:24:47] SEED <1087>
TRACE [2020-09-14 13:24:47] Current parameters:
 N.Terms...: [150]
 Classifier: [svm]
 Metric...: [Accuracy]
 Feature...: [long_description]
 Threshold.: [365]
 Balancing.: [smote]
 Resampling: [cv10]
TRACE [2020-09-14 13:24:47] Partitioning dataset in training and testing
TRACE [2020-09-14 13:24:47] Balancing training dataset
TRACE [2020-09-14 13:24:47] [balance_dataset]: balancing method: smote
TRACE [2020-09-14 13:24:51] Training prediction model 
TRACE [2020-09-14 13:24:51] [train_with_svm] Training model with SVM and Accuracy
TRACE [2020-09-14 13:34:36] Calculating training results metrics
TRACE [2020-09-14 13:34:36] Testing predicting model 
TRACE [2020-09-14 13:34:38] SEED <2293>
TRACE [2020-09-14 13:34:38] Current parameters:
 N.Terms...: [150]
 Classifier: [svm]
 Metric...: [Accuracy]
 Feature...: [long_description]
 Threshold.: [365]
 Balancing.: [smote]
 Resampling: [cv10]
TRACE [2020-09-14 13:34:38] Partitioning dataset in training and testing
TRACE [2020-09-14 13:34:38] Balancing training dataset
TRACE [2020-09-14 13:34:38] [balance_dataset]: balancing method: smote
TRACE [2020-09-14 13:34:41] Training prediction model 
TRACE [2020-09-14 13:34:41] [train_with_svm] Training model with SVM and Accuracy
TRACE [2020-09-14 13:44:20] Calculating training results metrics
TRACE [2020-09-14 13:44:20] Testing predicting model 
TRACE [2020-09-14 13:44:21] SEED <3581>
TRACE [2020-09-14 13:44:21] Current parameters:
 N.Terms...: [150]
 Classifier: [svm]
 Metric...: [Accuracy]
 Feature...: [long_description]
 Threshold.: [365]
 Balancing.: [smote]
 Resampling: [cv10]
TRACE [2020-09-14 13:44:21] Partitioning dataset in training and testing
TRACE [2020-09-14 13:44:21] Balancing training dataset
TRACE [2020-09-14 13:44:21] [balance_dataset]: balancing method: smote
TRACE [2020-09-14 13:44:24] Training prediction model 
TRACE [2020-09-14 13:44:24] [train_with_svm] Training model with SVM and Accuracy
TRACE [2020-09-14 13:54:00] Calculating training results metrics
TRACE [2020-09-14 13:54:00] Testing predicting model 
TRACE [2020-09-14 13:54:01] Training results recorded on CSV file.
