TRACE [2020-08-14 11:30:50] Long live prediction Research Question 3 - Experiment 1
TRACE [2020-08-14 11:30:50] Evaluation metrics ouput path: ~/Workspace/long-lived-bug-predictor-ml-in-r/output
TRACE [2020-08-14 11:30:50] Project name: eclipse
TRACE [2020-08-14 11:30:50] Loading or create metrics file
TRACE [2020-08-14 11:30:50] Metrics file create: ~/Workspace/long-lived-bug-predictor-ml-in-r/output/data/20200814_r3_1a_results_eclipse.csv
TRACE [2020-08-14 11:30:50] Starting in parameter number: 1
TRACE [2020-08-14 11:30:50] Bug report file name: ~/Workspace/long-lived-bug-predictor-ml-in-r/data/20200731_eclipse_bug_report_data.csv
TRACE [2020-08-14 11:30:50] Clean text features
TRACE [2020-08-14 11:31:24] Processing feature         : long_description
TRACE [2020-08-14 11:31:24] Processing number of terms : 100
TRACE [2020-08-14 11:31:24] Processing classifier      : knn
TRACE [2020-08-14 11:31:24] Processing training metric : Accuracy
TRACE [2020-08-14 11:31:24] Processing threshold       : 365
TRACE [2020-08-14 11:31:24] Processing balancing       : smote
TRACE [2020-08-14 11:31:24] Processing resampling      : cv10
TRACE [2020-08-14 11:31:24] Converting dataframe to term matrix
TRACE [2020-08-14 11:31:41] Text mining: extracted 100 terms from long_description
TRACE [2020-08-14 11:31:41] Partitioning dataset in training and testing
TRACE [2020-08-14 11:31:41] Balancing training dataset
TRACE [2020-08-14 11:31:41] [balance_dataset]: balancing method: smote
TRACE [2020-08-14 11:31:44] Training model 
TRACE [2020-08-14 11:31:44] [get_resampling_method] Resampling model 10cv
TRACE [2020-08-14 11:31:44] [train_with_knn] Training model with KNN and Accuracy
TRACE [2020-08-14 11:32:26] Recording training resultas in CSV file
TRACE [2020-08-14 11:32:26] Training results recorded on CSV file.
TRACE [2020-08-14 11:32:26] Processing feature         : long_description
TRACE [2020-08-14 11:32:26] Processing number of terms : 100
TRACE [2020-08-14 11:32:26] Processing classifier      : knn
TRACE [2020-08-14 11:32:26] Processing training metric : Accuracy
TRACE [2020-08-14 11:32:26] Processing threshold       : 365
TRACE [2020-08-14 11:32:26] Processing balancing       : unbalanced
TRACE [2020-08-14 11:32:26] Processing resampling      : cv10
TRACE [2020-08-14 11:32:26] Partitioning dataset in training and testing
TRACE [2020-08-14 11:32:26] Balancing training dataset
TRACE [2020-08-14 11:32:26] [balance_dataset]: balancing method: unbalanced
TRACE [2020-08-14 11:32:26] Training model 
TRACE [2020-08-14 11:32:26] [get_resampling_method] Resampling model 10cv
TRACE [2020-08-14 11:32:26] [train_with_knn] Training model with KNN and Accuracy
TRACE [2020-08-14 11:32:38] Recording training resultas in CSV file
TRACE [2020-08-14 11:32:38] Training results recorded on CSV file.
TRACE [2020-08-14 11:32:38] Processing feature         : long_description
TRACE [2020-08-14 11:32:38] Processing number of terms : 100
TRACE [2020-08-14 11:32:38] Processing classifier      : nb
TRACE [2020-08-14 11:32:38] Processing training metric : Accuracy
TRACE [2020-08-14 11:32:38] Processing threshold       : 365
TRACE [2020-08-14 11:32:38] Processing balancing       : smote
TRACE [2020-08-14 11:32:38] Processing resampling      : cv10
TRACE [2020-08-14 11:32:38] Partitioning dataset in training and testing
TRACE [2020-08-14 11:32:38] Balancing training dataset
TRACE [2020-08-14 11:32:38] [balance_dataset]: balancing method: smote
TRACE [2020-08-14 11:32:40] Training model 
TRACE [2020-08-14 11:32:40] [get_resampling_method] Resampling model 10cv
TRACE [2020-08-14 11:32:40] [train_with_nb] Training model with NB and Accuracy
TRACE [2020-08-14 11:33:16] Long live prediction Research Question 3 - Experiment 1
TRACE [2020-08-14 11:33:16] Evaluation metrics ouput path: ~/Workspace/long-lived-bug-predictor-ml-in-r/output
TRACE [2020-08-14 11:33:16] Project name: eclipse
TRACE [2020-08-14 11:33:16] Loading or create metrics file
TRACE [2020-08-14 11:33:16] Metrics file create: ~/Workspace/long-lived-bug-predictor-ml-in-r/output/data/20200814_r3_1a_results_eclipse.csv
TRACE [2020-08-14 11:33:16] Starting in parameter number: 1
TRACE [2020-08-14 11:33:16] Bug report file name: ~/Workspace/long-lived-bug-predictor-ml-in-r/data/20200731_eclipse_bug_report_data.csv
TRACE [2020-08-14 11:33:16] Clean text features
TRACE [2020-08-14 11:33:49] Processing feature         : long_description
TRACE [2020-08-14 11:33:49] Processing number of terms : 100
TRACE [2020-08-14 11:33:49] Processing classifier      : knn
TRACE [2020-08-14 11:33:49] Processing training metric : Accuracy
TRACE [2020-08-14 11:33:49] Processing threshold       : 365
TRACE [2020-08-14 11:33:49] Processing balancing       : smote
TRACE [2020-08-14 11:33:49] Processing resampling      : cv10
TRACE [2020-08-14 11:33:49] Converting dataframe to term matrix
