TRACE [2020-08-11 21:34:16] Long live prediction Research Question 3 - Experiment 1
TRACE [2020-08-11 21:34:16] Evaluation metrics ouput path: ~/Workspace/long-lived-bug-predictor-ml-in-r/output
TRACE [2020-08-11 21:34:16] Project name: eclipse
TRACE [2020-08-11 21:34:16] Loading or create metrics file
TRACE [2020-08-11 21:34:16] Metrics file create: ~/Workspace/long-lived-bug-predictor-ml-in-r/output/data/20200811_r3_1a_results_eclipse.csv
TRACE [2020-08-11 21:34:16] Starting in parameter number: 1
TRACE [2020-08-11 21:34:16] Bug report file name: ~/Workspace/long-lived-bug-predictor-ml-in-r/data/20200731_eclipse_bug_report_data.csv
TRACE [2020-08-11 21:34:16] Clean text features
TRACE [2020-08-11 21:34:50] Processing feature         : long_description
TRACE [2020-08-11 21:34:50] Processing number of terms : 100
TRACE [2020-08-11 21:34:50] Processing classifier      : knn
TRACE [2020-08-11 21:34:50] Processing training metric : Accuracy
TRACE [2020-08-11 21:34:50] Processing threshold       : 365
TRACE [2020-08-11 21:34:50] Processing balancing       : smote
TRACE [2020-08-11 21:34:50] Processing resampling      : cv10
TRACE [2020-08-11 21:34:50] Converting dataframe to term matrix
TRACE [2020-08-11 21:35:09] Text mining: extracted 100 terms from long_description
TRACE [2020-08-11 21:35:09] Partitioning dataset in training and testing
TRACE [2020-08-11 21:35:09] Balancing training dataset
TRACE [2020-08-11 21:35:09] [balance_dataset]: balancing method: smote
TRACE [2020-08-11 21:35:11] Training model 
TRACE [2020-08-11 21:35:11] [get_resampling_method] Resampling model 10cv
TRACE [2020-08-11 21:35:11] [train_with_knn] Training model with KNN and Accuracy
TRACE [2020-08-11 21:35:55] Recording training resultas in CSV file
TRACE [2020-08-11 21:35:55] Training results recorded on CSV file.
TRACE [2020-08-11 21:35:55] Processing feature         : long_description
TRACE [2020-08-11 21:35:55] Processing number of terms : 100
TRACE [2020-08-11 21:35:55] Processing classifier      : knn
TRACE [2020-08-11 21:35:55] Processing training metric : Accuracy
TRACE [2020-08-11 21:35:55] Processing threshold       : 365
TRACE [2020-08-11 21:35:55] Processing balancing       : unbalanced
TRACE [2020-08-11 21:35:55] Processing resampling      : cv10
TRACE [2020-08-11 21:35:55] Partitioning dataset in training and testing
TRACE [2020-08-11 21:35:55] Balancing training dataset
TRACE [2020-08-11 21:35:55] [balance_dataset]: balancing method: unbalanced
TRACE [2020-08-11 21:35:55] Training model 
TRACE [2020-08-11 21:35:55] [get_resampling_method] Resampling model 10cv
TRACE [2020-08-11 21:35:55] [train_with_knn] Training model with KNN and Accuracy
TRACE [2020-08-11 21:36:08] Recording training resultas in CSV file
TRACE [2020-08-11 21:36:08] Training results recorded on CSV file.
TRACE [2020-08-11 21:36:08] Processing feature         : long_description
TRACE [2020-08-11 21:36:08] Processing number of terms : 100
TRACE [2020-08-11 21:36:08] Processing classifier      : nb
TRACE [2020-08-11 21:36:08] Processing training metric : Accuracy
TRACE [2020-08-11 21:36:08] Processing threshold       : 365
TRACE [2020-08-11 21:36:08] Processing balancing       : smote
TRACE [2020-08-11 21:36:08] Processing resampling      : cv10
TRACE [2020-08-11 21:36:08] Partitioning dataset in training and testing
TRACE [2020-08-11 21:36:08] Balancing training dataset
TRACE [2020-08-11 21:36:08] [balance_dataset]: balancing method: smote
TRACE [2020-08-11 21:36:10] Training model 
TRACE [2020-08-11 21:36:10] [get_resampling_method] Resampling model 10cv
TRACE [2020-08-11 21:36:10] [train_with_nb] Training model with NB and Accuracy
TRACE [2020-08-11 21:40:07] Recording training resultas in CSV file
TRACE [2020-08-11 21:40:07] Training results recorded on CSV file.
TRACE [2020-08-11 21:40:07] Processing feature         : long_description
TRACE [2020-08-11 21:40:07] Processing number of terms : 100
TRACE [2020-08-11 21:40:07] Processing classifier      : nb
TRACE [2020-08-11 21:40:07] Processing training metric : Accuracy
TRACE [2020-08-11 21:40:07] Processing threshold       : 365
TRACE [2020-08-11 21:40:07] Processing balancing       : unbalanced
TRACE [2020-08-11 21:40:07] Processing resampling      : cv10
TRACE [2020-08-11 21:40:07] Partitioning dataset in training and testing
TRACE [2020-08-11 21:40:07] Balancing training dataset
TRACE [2020-08-11 21:40:07] [balance_dataset]: balancing method: unbalanced
TRACE [2020-08-11 21:40:07] Training model 
TRACE [2020-08-11 21:40:07] [get_resampling_method] Resampling model 10cv
TRACE [2020-08-11 21:40:07] [train_with_nb] Training model with NB and Accuracy
TRACE [2020-08-11 21:42:16] Recording training resultas in CSV file
TRACE [2020-08-11 21:42:16] Training results recorded on CSV file.
TRACE [2020-08-11 21:42:16] Processing feature         : long_description
TRACE [2020-08-11 21:42:16] Processing number of terms : 100
TRACE [2020-08-11 21:42:16] Processing classifier      : nn
TRACE [2020-08-11 21:42:16] Processing training metric : Accuracy
TRACE [2020-08-11 21:42:16] Processing threshold       : 365
TRACE [2020-08-11 21:42:16] Processing balancing       : smote
TRACE [2020-08-11 21:42:16] Processing resampling      : cv10
TRACE [2020-08-11 21:42:16] Partitioning dataset in training and testing
TRACE [2020-08-11 21:42:16] Balancing training dataset
TRACE [2020-08-11 21:42:16] [balance_dataset]: balancing method: smote
TRACE [2020-08-11 21:42:18] Training model 
TRACE [2020-08-11 21:42:18] [get_resampling_method] Resampling model 10cv
TRACE [2020-08-11 21:42:18] [train_with_nnet] Training model with NNET and Accuracy
TRACE [2020-08-11 21:44:42] Recording training resultas in CSV file
TRACE [2020-08-11 21:44:42] Training results recorded on CSV file.
TRACE [2020-08-11 21:44:42] Processing feature         : long_description
TRACE [2020-08-11 21:44:42] Processing number of terms : 100
TRACE [2020-08-11 21:44:42] Processing classifier      : nn
TRACE [2020-08-11 21:44:42] Processing training metric : Accuracy
TRACE [2020-08-11 21:44:42] Processing threshold       : 365
TRACE [2020-08-11 21:44:42] Processing balancing       : unbalanced
TRACE [2020-08-11 21:44:42] Processing resampling      : cv10
TRACE [2020-08-11 21:44:42] Partitioning dataset in training and testing
TRACE [2020-08-11 21:44:42] Balancing training dataset
TRACE [2020-08-11 21:44:42] [balance_dataset]: balancing method: unbalanced
TRACE [2020-08-11 21:44:42] Training model 
TRACE [2020-08-11 21:44:42] [get_resampling_method] Resampling model 10cv
TRACE [2020-08-11 21:44:42] [train_with_nnet] Training model with NNET and Accuracy
TRACE [2020-08-11 21:45:37] Recording training resultas in CSV file
TRACE [2020-08-11 21:45:37] Training results recorded on CSV file.
TRACE [2020-08-11 21:45:37] Processing feature         : long_description
TRACE [2020-08-11 21:45:37] Processing number of terms : 100
TRACE [2020-08-11 21:45:37] Processing classifier      : rf
TRACE [2020-08-11 21:45:37] Processing training metric : Accuracy
TRACE [2020-08-11 21:45:37] Processing threshold       : 365
TRACE [2020-08-11 21:45:37] Processing balancing       : smote
TRACE [2020-08-11 21:45:37] Processing resampling      : cv10
TRACE [2020-08-11 21:45:37] Partitioning dataset in training and testing
TRACE [2020-08-11 21:45:37] Balancing training dataset
TRACE [2020-08-11 21:45:37] [balance_dataset]: balancing method: smote
TRACE [2020-08-11 21:45:39] Training model 
TRACE [2020-08-11 21:45:39] [get_resampling_method] Resampling model 10cv
TRACE [2020-08-11 21:45:39] [train_with_rf] Training model with RF and Accuracy
TRACE [2020-08-11 21:49:12] Recording training resultas in CSV file
TRACE [2020-08-11 21:49:12] Training results recorded on CSV file.
TRACE [2020-08-11 21:49:12] Processing feature         : long_description
TRACE [2020-08-11 21:49:12] Processing number of terms : 100
TRACE [2020-08-11 21:49:12] Processing classifier      : rf
TRACE [2020-08-11 21:49:12] Processing training metric : Accuracy
TRACE [2020-08-11 21:49:12] Processing threshold       : 365
TRACE [2020-08-11 21:49:12] Processing balancing       : unbalanced
TRACE [2020-08-11 21:49:12] Processing resampling      : cv10
TRACE [2020-08-11 21:49:12] Partitioning dataset in training and testing
TRACE [2020-08-11 21:49:12] Balancing training dataset
TRACE [2020-08-11 21:49:12] [balance_dataset]: balancing method: unbalanced
TRACE [2020-08-11 21:49:12] Training model 
TRACE [2020-08-11 21:49:12] [get_resampling_method] Resampling model 10cv
TRACE [2020-08-11 21:49:12] [train_with_rf] Training model with RF and Accuracy
TRACE [2020-08-11 21:53:27] Recording training resultas in CSV file
TRACE [2020-08-11 21:53:27] Training results recorded on CSV file.
TRACE [2020-08-11 21:53:27] Processing feature         : long_description
TRACE [2020-08-11 21:53:27] Processing number of terms : 100
TRACE [2020-08-11 21:53:27] Processing classifier      : svm
TRACE [2020-08-11 21:53:27] Processing training metric : Accuracy
TRACE [2020-08-11 21:53:27] Processing threshold       : 365
TRACE [2020-08-11 21:53:27] Processing balancing       : smote
TRACE [2020-08-11 21:53:27] Processing resampling      : cv10
TRACE [2020-08-11 21:53:27] Partitioning dataset in training and testing
TRACE [2020-08-11 21:53:27] Balancing training dataset
TRACE [2020-08-11 21:53:27] [balance_dataset]: balancing method: smote
TRACE [2020-08-11 21:53:29] Training model 
TRACE [2020-08-11 21:53:29] [get_resampling_method] Resampling model 10cv
TRACE [2020-08-11 21:53:29] [train_with_svm] Training model with SVM and Accuracy
TRACE [2020-08-11 23:04:01] Recording training resultas in CSV file
TRACE [2020-08-11 23:04:01] Training results recorded on CSV file.
TRACE [2020-08-11 23:04:01] Processing feature         : long_description
TRACE [2020-08-11 23:04:01] Processing number of terms : 100
TRACE [2020-08-11 23:04:01] Processing classifier      : svm
TRACE [2020-08-11 23:04:01] Processing training metric : Accuracy
TRACE [2020-08-11 23:04:01] Processing threshold       : 365
TRACE [2020-08-11 23:04:01] Processing balancing       : unbalanced
TRACE [2020-08-11 23:04:01] Processing resampling      : cv10
TRACE [2020-08-11 23:04:01] Partitioning dataset in training and testing
TRACE [2020-08-11 23:04:01] Balancing training dataset
TRACE [2020-08-11 23:04:01] [balance_dataset]: balancing method: unbalanced
TRACE [2020-08-11 23:04:01] Training model 
TRACE [2020-08-11 23:04:01] [get_resampling_method] Resampling model 10cv
TRACE [2020-08-11 23:04:01] [train_with_svm] Training model with SVM and Accuracy
TRACE [2020-08-11 23:25:49] Recording training resultas in CSV file
TRACE [2020-08-11 23:25:49] Training results recorded on CSV file.
TRACE [2020-08-11 23:25:49] Processing feature         : short_description
TRACE [2020-08-11 23:25:49] Processing number of terms : 100
TRACE [2020-08-11 23:25:49] Processing classifier      : knn
TRACE [2020-08-11 23:25:49] Processing training metric : Accuracy
TRACE [2020-08-11 23:25:49] Processing threshold       : 365
TRACE [2020-08-11 23:25:49] Processing balancing       : smote
TRACE [2020-08-11 23:25:49] Processing resampling      : cv10
TRACE [2020-08-11 23:25:49] Converting dataframe to term matrix
TRACE [2020-08-11 23:25:57] Text mining: extracted 100 terms from short_description
TRACE [2020-08-11 23:25:57] Partitioning dataset in training and testing
TRACE [2020-08-11 23:25:57] Balancing training dataset
TRACE [2020-08-11 23:25:57] [balance_dataset]: balancing method: smote
TRACE [2020-08-11 23:25:59] Training model 
TRACE [2020-08-11 23:25:59] [get_resampling_method] Resampling model 10cv
TRACE [2020-08-11 23:25:59] [train_with_knn] Training model with KNN and Accuracy
TRACE [2020-08-11 23:26:29] Recording training resultas in CSV file
TRACE [2020-08-11 23:26:29] Training results recorded on CSV file.
TRACE [2020-08-11 23:26:29] Processing feature         : short_description
TRACE [2020-08-11 23:26:29] Processing number of terms : 100
TRACE [2020-08-11 23:26:29] Processing classifier      : knn
TRACE [2020-08-11 23:26:29] Processing training metric : Accuracy
TRACE [2020-08-11 23:26:29] Processing threshold       : 365
TRACE [2020-08-11 23:26:29] Processing balancing       : unbalanced
TRACE [2020-08-11 23:26:29] Processing resampling      : cv10
TRACE [2020-08-11 23:26:29] Partitioning dataset in training and testing
TRACE [2020-08-11 23:26:29] Balancing training dataset
TRACE [2020-08-11 23:26:29] [balance_dataset]: balancing method: unbalanced
TRACE [2020-08-11 23:26:29] Training model 
TRACE [2020-08-11 23:26:29] [get_resampling_method] Resampling model 10cv
TRACE [2020-08-11 23:26:29] [train_with_knn] Training model with KNN and Accuracy
TRACE [2020-08-11 23:26:39] Recording training resultas in CSV file
TRACE [2020-08-11 23:26:39] Training results recorded on CSV file.
TRACE [2020-08-11 23:26:39] Processing feature         : short_description
TRACE [2020-08-11 23:26:39] Processing number of terms : 100
TRACE [2020-08-11 23:26:39] Processing classifier      : nb
TRACE [2020-08-11 23:26:39] Processing training metric : Accuracy
TRACE [2020-08-11 23:26:39] Processing threshold       : 365
TRACE [2020-08-11 23:26:39] Processing balancing       : smote
TRACE [2020-08-11 23:26:39] Processing resampling      : cv10
TRACE [2020-08-11 23:26:39] Partitioning dataset in training and testing
TRACE [2020-08-11 23:26:39] Balancing training dataset
TRACE [2020-08-11 23:26:39] [balance_dataset]: balancing method: smote
TRACE [2020-08-11 23:26:40] Training model 
TRACE [2020-08-11 23:26:40] [get_resampling_method] Resampling model 10cv
TRACE [2020-08-11 23:26:40] [train_with_nb] Training model with NB and Accuracy
TRACE [2020-08-11 23:29:59] Recording training resultas in CSV file
TRACE [2020-08-11 23:29:59] Training results recorded on CSV file.
TRACE [2020-08-11 23:29:59] Processing feature         : short_description
TRACE [2020-08-11 23:29:59] Processing number of terms : 100
TRACE [2020-08-11 23:29:59] Processing classifier      : nb
TRACE [2020-08-11 23:29:59] Processing training metric : Accuracy
TRACE [2020-08-11 23:29:59] Processing threshold       : 365
TRACE [2020-08-11 23:29:59] Processing balancing       : unbalanced
TRACE [2020-08-11 23:29:59] Processing resampling      : cv10
TRACE [2020-08-11 23:29:59] Partitioning dataset in training and testing
TRACE [2020-08-11 23:29:59] Balancing training dataset
TRACE [2020-08-11 23:29:59] [balance_dataset]: balancing method: unbalanced
TRACE [2020-08-11 23:29:59] Training model 
TRACE [2020-08-11 23:29:59] [get_resampling_method] Resampling model 10cv
TRACE [2020-08-11 23:29:59] [train_with_nb] Training model with NB and Accuracy
TRACE [2020-08-11 23:31:50] Recording training resultas in CSV file
TRACE [2020-08-11 23:31:50] Training results recorded on CSV file.
TRACE [2020-08-11 23:31:50] Processing feature         : short_description
TRACE [2020-08-11 23:31:50] Processing number of terms : 100
TRACE [2020-08-11 23:31:50] Processing classifier      : nn
TRACE [2020-08-11 23:31:50] Processing training metric : Accuracy
TRACE [2020-08-11 23:31:50] Processing threshold       : 365
TRACE [2020-08-11 23:31:50] Processing balancing       : smote
TRACE [2020-08-11 23:31:50] Processing resampling      : cv10
TRACE [2020-08-11 23:31:50] Partitioning dataset in training and testing
TRACE [2020-08-11 23:31:50] Balancing training dataset
TRACE [2020-08-11 23:31:50] [balance_dataset]: balancing method: smote
TRACE [2020-08-11 23:31:52] Training model 
TRACE [2020-08-11 23:31:52] [get_resampling_method] Resampling model 10cv
TRACE [2020-08-11 23:31:52] [train_with_nnet] Training model with NNET and Accuracy
TRACE [2020-08-11 23:34:39] Recording training resultas in CSV file
TRACE [2020-08-11 23:34:39] Training results recorded on CSV file.
TRACE [2020-08-11 23:34:39] Processing feature         : short_description
TRACE [2020-08-11 23:34:39] Processing number of terms : 100
TRACE [2020-08-11 23:34:39] Processing classifier      : nn
TRACE [2020-08-11 23:34:39] Processing training metric : Accuracy
TRACE [2020-08-11 23:34:39] Processing threshold       : 365
TRACE [2020-08-11 23:34:39] Processing balancing       : unbalanced
TRACE [2020-08-11 23:34:39] Processing resampling      : cv10
TRACE [2020-08-11 23:34:39] Partitioning dataset in training and testing
TRACE [2020-08-11 23:34:39] Balancing training dataset
TRACE [2020-08-11 23:34:39] [balance_dataset]: balancing method: unbalanced
TRACE [2020-08-11 23:34:39] Training model 
TRACE [2020-08-11 23:34:39] [get_resampling_method] Resampling model 10cv
TRACE [2020-08-11 23:34:39] [train_with_nnet] Training model with NNET and Accuracy
TRACE [2020-08-11 23:35:59] Recording training resultas in CSV file
TRACE [2020-08-11 23:35:59] Training results recorded on CSV file.
TRACE [2020-08-11 23:35:59] Processing feature         : short_description
TRACE [2020-08-11 23:35:59] Processing number of terms : 100
TRACE [2020-08-11 23:35:59] Processing classifier      : rf
TRACE [2020-08-11 23:35:59] Processing training metric : Accuracy
TRACE [2020-08-11 23:35:59] Processing threshold       : 365
TRACE [2020-08-11 23:35:59] Processing balancing       : smote
TRACE [2020-08-11 23:35:59] Processing resampling      : cv10
TRACE [2020-08-11 23:35:59] Partitioning dataset in training and testing
TRACE [2020-08-11 23:35:59] Balancing training dataset
TRACE [2020-08-11 23:35:59] [balance_dataset]: balancing method: smote
TRACE [2020-08-11 23:36:00] Training model 
TRACE [2020-08-11 23:36:00] [get_resampling_method] Resampling model 10cv
TRACE [2020-08-11 23:36:00] [train_with_rf] Training model with RF and Accuracy
TRACE [2020-08-11 23:47:52] Recording training resultas in CSV file
TRACE [2020-08-11 23:47:52] Training results recorded on CSV file.
TRACE [2020-08-11 23:47:52] Processing feature         : short_description
TRACE [2020-08-11 23:47:52] Processing number of terms : 100
TRACE [2020-08-11 23:47:52] Processing classifier      : rf
TRACE [2020-08-11 23:47:52] Processing training metric : Accuracy
TRACE [2020-08-11 23:47:52] Processing threshold       : 365
TRACE [2020-08-11 23:47:52] Processing balancing       : unbalanced
TRACE [2020-08-11 23:47:52] Processing resampling      : cv10
TRACE [2020-08-11 23:47:52] Partitioning dataset in training and testing
TRACE [2020-08-11 23:47:52] Balancing training dataset
TRACE [2020-08-11 23:47:52] [balance_dataset]: balancing method: unbalanced
TRACE [2020-08-11 23:47:52] Training model 
TRACE [2020-08-11 23:47:52] [get_resampling_method] Resampling model 10cv
TRACE [2020-08-11 23:47:52] [train_with_rf] Training model with RF and Accuracy
TRACE [2020-08-11 23:53:27] Recording training resultas in CSV file
TRACE [2020-08-11 23:53:27] Training results recorded on CSV file.
TRACE [2020-08-11 23:53:27] Processing feature         : short_description
TRACE [2020-08-11 23:53:27] Processing number of terms : 100
TRACE [2020-08-11 23:53:27] Processing classifier      : svm
TRACE [2020-08-11 23:53:27] Processing training metric : Accuracy
TRACE [2020-08-11 23:53:27] Processing threshold       : 365
TRACE [2020-08-11 23:53:27] Processing balancing       : smote
TRACE [2020-08-11 23:53:27] Processing resampling      : cv10
TRACE [2020-08-11 23:53:27] Partitioning dataset in training and testing
TRACE [2020-08-11 23:53:27] Balancing training dataset
TRACE [2020-08-11 23:53:27] [balance_dataset]: balancing method: smote
TRACE [2020-08-11 23:53:29] Training model 
TRACE [2020-08-11 23:53:29] [get_resampling_method] Resampling model 10cv
TRACE [2020-08-11 23:53:29] [train_with_svm] Training model with SVM and Accuracy
TRACE [2020-08-12 00:36:34] Recording training resultas in CSV file
TRACE [2020-08-12 00:36:34] Training results recorded on CSV file.
TRACE [2020-08-12 00:36:34] Processing feature         : short_description
TRACE [2020-08-12 00:36:34] Processing number of terms : 100
TRACE [2020-08-12 00:36:34] Processing classifier      : svm
TRACE [2020-08-12 00:36:34] Processing training metric : Accuracy
TRACE [2020-08-12 00:36:34] Processing threshold       : 365
TRACE [2020-08-12 00:36:34] Processing balancing       : unbalanced
TRACE [2020-08-12 00:36:34] Processing resampling      : cv10
TRACE [2020-08-12 00:36:34] Partitioning dataset in training and testing
TRACE [2020-08-12 00:36:34] Balancing training dataset
TRACE [2020-08-12 00:36:34] [balance_dataset]: balancing method: unbalanced
TRACE [2020-08-12 00:36:34] Training model 
TRACE [2020-08-12 00:36:34] [get_resampling_method] Resampling model 10cv
TRACE [2020-08-12 00:36:34] [train_with_svm] Training model with SVM and Accuracy
TRACE [2020-08-12 00:49:16] Recording training resultas in CSV file
TRACE [2020-08-12 00:49:16] Training results recorded on CSV file.
TRACE [2020-08-12 00:49:16] Project name: freedesktop
TRACE [2020-08-12 00:49:16] Loading or create metrics file
TRACE [2020-08-12 00:49:16] Metrics file create: ~/Workspace/long-lived-bug-predictor-ml-in-r/output/data/20200811_r3_1a_results_freedesktop.csv
TRACE [2020-08-12 00:49:16] Starting in parameter number: 1
TRACE [2020-08-12 00:49:16] Bug report file name: ~/Workspace/long-lived-bug-predictor-ml-in-r/data/20200731_freedesktop_bug_report_data.csv
TRACE [2020-08-12 00:49:16] Clean text features
TRACE [2020-08-12 00:49:59] Processing feature         : long_description
TRACE [2020-08-12 00:49:59] Processing number of terms : 100
TRACE [2020-08-12 00:49:59] Processing classifier      : knn
TRACE [2020-08-12 00:49:59] Processing training metric : Accuracy
TRACE [2020-08-12 00:49:59] Processing threshold       : 365
TRACE [2020-08-12 00:49:59] Processing balancing       : smote
TRACE [2020-08-12 00:49:59] Processing resampling      : cv10
TRACE [2020-08-12 00:49:59] Converting dataframe to term matrix
TRACE [2020-08-12 00:50:15] Text mining: extracted 100 terms from long_description
TRACE [2020-08-12 00:50:15] Partitioning dataset in training and testing
TRACE [2020-08-12 00:50:15] Balancing training dataset
TRACE [2020-08-12 00:50:15] [balance_dataset]: balancing method: smote
TRACE [2020-08-12 00:50:18] Training model 
TRACE [2020-08-12 00:50:18] [get_resampling_method] Resampling model 10cv
TRACE [2020-08-12 00:50:18] [train_with_knn] Training model with KNN and Accuracy
TRACE [2020-08-12 00:50:37] Recording training resultas in CSV file
TRACE [2020-08-12 00:50:37] Training results recorded on CSV file.
TRACE [2020-08-12 00:50:37] Processing feature         : long_description
TRACE [2020-08-12 00:50:37] Processing number of terms : 100
TRACE [2020-08-12 00:50:37] Processing classifier      : knn
TRACE [2020-08-12 00:50:37] Processing training metric : Accuracy
TRACE [2020-08-12 00:50:37] Processing threshold       : 365
TRACE [2020-08-12 00:50:37] Processing balancing       : unbalanced
TRACE [2020-08-12 00:50:37] Processing resampling      : cv10
TRACE [2020-08-12 00:50:37] Partitioning dataset in training and testing
TRACE [2020-08-12 00:50:37] Balancing training dataset
TRACE [2020-08-12 00:50:37] [balance_dataset]: balancing method: unbalanced
TRACE [2020-08-12 00:50:37] Training model 
TRACE [2020-08-12 00:50:37] [get_resampling_method] Resampling model 10cv
TRACE [2020-08-12 00:50:37] [train_with_knn] Training model with KNN and Accuracy
TRACE [2020-08-12 00:50:45] Recording training resultas in CSV file
TRACE [2020-08-12 00:50:45] Training results recorded on CSV file.
TRACE [2020-08-12 00:50:45] Processing feature         : long_description
TRACE [2020-08-12 00:50:45] Processing number of terms : 100
TRACE [2020-08-12 00:50:45] Processing classifier      : nb
TRACE [2020-08-12 00:50:45] Processing training metric : Accuracy
TRACE [2020-08-12 00:50:45] Processing threshold       : 365
TRACE [2020-08-12 00:50:45] Processing balancing       : smote
TRACE [2020-08-12 00:50:45] Processing resampling      : cv10
TRACE [2020-08-12 00:50:45] Partitioning dataset in training and testing
TRACE [2020-08-12 00:50:45] Balancing training dataset
TRACE [2020-08-12 00:50:45] [balance_dataset]: balancing method: smote
TRACE [2020-08-12 00:50:48] Training model 
TRACE [2020-08-12 00:50:48] [get_resampling_method] Resampling model 10cv
TRACE [2020-08-12 00:50:48] [train_with_nb] Training model with NB and Accuracy
