TRACE [2020-08-13 15:31:13] Long live prediction Research Question 3 - Experiment 1
TRACE [2020-08-13 15:31:13] Evaluation metrics ouput path: ~/Workspace/long-lived-bug-predictor-ml-in-r/output
TRACE [2020-08-13 15:31:13] Project name: eclipse
TRACE [2020-08-13 15:31:13] Loading or create metrics file
TRACE [2020-08-13 15:31:13] Metrics file create: ~/Workspace/long-lived-bug-predictor-ml-in-r/output/data/20200813_r3_1a_results_eclipse.csv
TRACE [2020-08-13 15:31:13] Starting in parameter number: 1
TRACE [2020-08-13 15:31:13] Bug report file name: ~/Workspace/long-lived-bug-predictor-ml-in-r/data/20200731_eclipse_bug_report_data.csv
TRACE [2020-08-13 15:31:13] Clean text features
TRACE [2020-08-13 15:31:47] Processing feature         : long_description
TRACE [2020-08-13 15:31:47] Processing number of terms : 100
TRACE [2020-08-13 15:31:47] Processing classifier      : knn
TRACE [2020-08-13 15:31:47] Processing training metric : Accuracy
TRACE [2020-08-13 15:31:47] Processing threshold       : 365
TRACE [2020-08-13 15:31:47] Processing balancing       : smote
TRACE [2020-08-13 15:31:47] Processing resampling      : cv10
TRACE [2020-08-13 15:31:47] Converting dataframe to term matrix
TRACE [2020-08-13 15:32:06] Text mining: extracted 100 terms from long_description
TRACE [2020-08-13 15:32:06] Partitioning dataset in training and testing
TRACE [2020-08-13 15:32:06] Balancing training dataset
TRACE [2020-08-13 15:32:06] [balance_dataset]: balancing method: smote
TRACE [2020-08-13 15:32:08] Training model 
TRACE [2020-08-13 15:32:08] [get_resampling_method] Resampling model 10cv
TRACE [2020-08-13 15:32:08] [train_with_knn] Training model with KNN and Accuracy
TRACE [2020-08-13 15:32:51] Recording training resultas in CSV file
TRACE [2020-08-13 15:32:51] Training results recorded on CSV file.
TRACE [2020-08-13 15:32:51] Processing feature         : long_description
TRACE [2020-08-13 15:32:51] Processing number of terms : 100
TRACE [2020-08-13 15:32:51] Processing classifier      : knn
TRACE [2020-08-13 15:32:51] Processing training metric : Accuracy
TRACE [2020-08-13 15:32:51] Processing threshold       : 365
TRACE [2020-08-13 15:32:51] Processing balancing       : unbalanced
TRACE [2020-08-13 15:32:51] Processing resampling      : cv10
TRACE [2020-08-13 15:32:51] Partitioning dataset in training and testing
TRACE [2020-08-13 15:32:51] Balancing training dataset
TRACE [2020-08-13 15:32:51] [balance_dataset]: balancing method: unbalanced
TRACE [2020-08-13 15:32:51] Training model 
TRACE [2020-08-13 15:32:51] [get_resampling_method] Resampling model 10cv
TRACE [2020-08-13 15:32:51] [train_with_knn] Training model with KNN and Accuracy
TRACE [2020-08-13 15:33:03] Recording training resultas in CSV file
TRACE [2020-08-13 15:33:03] Training results recorded on CSV file.
TRACE [2020-08-13 15:33:03] Processing feature         : long_description
TRACE [2020-08-13 15:33:03] Processing number of terms : 100
TRACE [2020-08-13 15:33:03] Processing classifier      : nb
TRACE [2020-08-13 15:33:03] Processing training metric : Accuracy
TRACE [2020-08-13 15:33:03] Processing threshold       : 365
TRACE [2020-08-13 15:33:03] Processing balancing       : smote
TRACE [2020-08-13 15:33:03] Processing resampling      : cv10
TRACE [2020-08-13 15:33:03] Partitioning dataset in training and testing
TRACE [2020-08-13 15:33:03] Balancing training dataset
TRACE [2020-08-13 15:33:03] [balance_dataset]: balancing method: smote
TRACE [2020-08-13 15:33:05] Training model 
TRACE [2020-08-13 15:33:05] [get_resampling_method] Resampling model 10cv
TRACE [2020-08-13 15:33:05] [train_with_nb] Training model with NB and Accuracy
TRACE [2020-08-13 15:34:26] Long live prediction Research Question 3 - Experiment 1
TRACE [2020-08-13 15:34:26] Evaluation metrics ouput path: ~/Workspace/long-lived-bug-predictor-ml-in-r/output
TRACE [2020-08-13 15:34:26] Project name: eclipse
TRACE [2020-08-13 15:34:26] Loading or create metrics file
TRACE [2020-08-13 15:34:26] Metrics file create: ~/Workspace/long-lived-bug-predictor-ml-in-r/output/data/20200813_r3_1a_results_eclipse.csv
TRACE [2020-08-13 15:34:26] Starting in parameter number: 1
TRACE [2020-08-13 15:34:26] Bug report file name: ~/Workspace/long-lived-bug-predictor-ml-in-r/data/20200731_eclipse_bug_report_data.csv
TRACE [2020-08-13 15:34:26] Clean text features
TRACE [2020-08-13 15:35:00] Processing feature         : long_description
TRACE [2020-08-13 15:35:00] Processing number of terms : 100
TRACE [2020-08-13 15:35:00] Processing classifier      : knn
TRACE [2020-08-13 15:35:00] Processing training metric : Accuracy
TRACE [2020-08-13 15:35:00] Processing threshold       : 365
TRACE [2020-08-13 15:35:00] Processing balancing       : smote
TRACE [2020-08-13 15:35:00] Processing resampling      : cv10
TRACE [2020-08-13 15:35:00] Converting dataframe to term matrix
TRACE [2020-08-13 15:35:18] Text mining: extracted 100 terms from long_description
TRACE [2020-08-13 15:35:18] Partitioning dataset in training and testing
TRACE [2020-08-13 15:35:18] Balancing training dataset
TRACE [2020-08-13 15:35:18] [balance_dataset]: balancing method: smote
TRACE [2020-08-13 15:35:20] Training model 
TRACE [2020-08-13 15:35:20] [get_resampling_method] Resampling model 10cv
TRACE [2020-08-13 15:35:20] [train_with_knn] Training model with KNN and Accuracy
TRACE [2020-08-13 15:36:03] Recording training resultas in CSV file
TRACE [2020-08-13 15:36:03] Training results recorded on CSV file.
TRACE [2020-08-13 15:36:03] Processing feature         : long_description
TRACE [2020-08-13 15:36:03] Processing number of terms : 100
TRACE [2020-08-13 15:36:03] Processing classifier      : knn
TRACE [2020-08-13 15:36:03] Processing training metric : Accuracy
TRACE [2020-08-13 15:36:03] Processing threshold       : 365
TRACE [2020-08-13 15:36:03] Processing balancing       : unbalanced
TRACE [2020-08-13 15:36:03] Processing resampling      : cv10
TRACE [2020-08-13 15:36:03] Partitioning dataset in training and testing
TRACE [2020-08-13 15:36:03] Balancing training dataset
TRACE [2020-08-13 15:36:03] [balance_dataset]: balancing method: unbalanced
TRACE [2020-08-13 15:36:03] Training model 
TRACE [2020-08-13 15:36:03] [get_resampling_method] Resampling model 10cv
TRACE [2020-08-13 15:36:03] [train_with_knn] Training model with KNN and Accuracy
TRACE [2020-08-13 15:36:15] Recording training resultas in CSV file
TRACE [2020-08-13 15:36:15] Training results recorded on CSV file.
TRACE [2020-08-13 15:36:15] Processing feature         : long_description
TRACE [2020-08-13 15:36:15] Processing number of terms : 100
TRACE [2020-08-13 15:36:15] Processing classifier      : nb
TRACE [2020-08-13 15:36:15] Processing training metric : Accuracy
TRACE [2020-08-13 15:36:15] Processing threshold       : 365
TRACE [2020-08-13 15:36:15] Processing balancing       : smote
TRACE [2020-08-13 15:36:15] Processing resampling      : cv10
TRACE [2020-08-13 15:36:15] Partitioning dataset in training and testing
TRACE [2020-08-13 15:36:15] Balancing training dataset
TRACE [2020-08-13 15:36:15] [balance_dataset]: balancing method: smote
TRACE [2020-08-13 15:36:17] Training model 
TRACE [2020-08-13 15:36:17] [get_resampling_method] Resampling model 10cv
TRACE [2020-08-13 15:36:17] [train_with_nb] Training model with NB and Accuracy
TRACE [2020-08-13 15:40:08] Recording training resultas in CSV file
TRACE [2020-08-13 15:40:08] Training results recorded on CSV file.
TRACE [2020-08-13 15:40:08] Processing feature         : long_description
TRACE [2020-08-13 15:40:08] Processing number of terms : 100
TRACE [2020-08-13 15:40:08] Processing classifier      : nb
TRACE [2020-08-13 15:40:08] Processing training metric : Accuracy
TRACE [2020-08-13 15:40:08] Processing threshold       : 365
TRACE [2020-08-13 15:40:08] Processing balancing       : unbalanced
TRACE [2020-08-13 15:40:08] Processing resampling      : cv10
TRACE [2020-08-13 15:40:08] Partitioning dataset in training and testing
TRACE [2020-08-13 15:40:08] Balancing training dataset
TRACE [2020-08-13 15:40:08] [balance_dataset]: balancing method: unbalanced
TRACE [2020-08-13 15:40:08] Training model 
TRACE [2020-08-13 15:40:08] [get_resampling_method] Resampling model 10cv
TRACE [2020-08-13 15:40:08] [train_with_nb] Training model with NB and Accuracy
TRACE [2020-08-13 15:42:13] Recording training resultas in CSV file
TRACE [2020-08-13 15:42:13] Training results recorded on CSV file.
TRACE [2020-08-13 15:42:13] Processing feature         : long_description
TRACE [2020-08-13 15:42:13] Processing number of terms : 100
TRACE [2020-08-13 15:42:13] Processing classifier      : nn
TRACE [2020-08-13 15:42:13] Processing training metric : Accuracy
TRACE [2020-08-13 15:42:13] Processing threshold       : 365
TRACE [2020-08-13 15:42:13] Processing balancing       : smote
TRACE [2020-08-13 15:42:13] Processing resampling      : cv10
TRACE [2020-08-13 15:42:13] Partitioning dataset in training and testing
TRACE [2020-08-13 15:42:13] Balancing training dataset
TRACE [2020-08-13 15:42:13] [balance_dataset]: balancing method: smote
TRACE [2020-08-13 15:42:15] Training model 
TRACE [2020-08-13 15:42:15] [get_resampling_method] Resampling model 10cv
TRACE [2020-08-13 15:42:15] [train_with_nnet] Training model with NNET and Accuracy
TRACE [2020-08-13 15:44:31] Recording training resultas in CSV file
TRACE [2020-08-13 15:44:31] Training results recorded on CSV file.
TRACE [2020-08-13 15:44:31] Processing feature         : long_description
TRACE [2020-08-13 15:44:31] Processing number of terms : 100
TRACE [2020-08-13 15:44:31] Processing classifier      : nn
TRACE [2020-08-13 15:44:31] Processing training metric : Accuracy
TRACE [2020-08-13 15:44:31] Processing threshold       : 365
TRACE [2020-08-13 15:44:31] Processing balancing       : unbalanced
TRACE [2020-08-13 15:44:31] Processing resampling      : cv10
TRACE [2020-08-13 15:44:31] Partitioning dataset in training and testing
TRACE [2020-08-13 15:44:31] Balancing training dataset
TRACE [2020-08-13 15:44:31] [balance_dataset]: balancing method: unbalanced
TRACE [2020-08-13 15:44:31] Training model 
TRACE [2020-08-13 15:44:31] [get_resampling_method] Resampling model 10cv
TRACE [2020-08-13 15:44:31] [train_with_nnet] Training model with NNET and Accuracy
TRACE [2020-08-13 15:45:23] Recording training resultas in CSV file
TRACE [2020-08-13 15:45:23] Training results recorded on CSV file.
TRACE [2020-08-13 15:45:23] Processing feature         : long_description
TRACE [2020-08-13 15:45:23] Processing number of terms : 100
TRACE [2020-08-13 15:45:23] Processing classifier      : rf
TRACE [2020-08-13 15:45:23] Processing training metric : Accuracy
TRACE [2020-08-13 15:45:23] Processing threshold       : 365
TRACE [2020-08-13 15:45:23] Processing balancing       : smote
TRACE [2020-08-13 15:45:23] Processing resampling      : cv10
TRACE [2020-08-13 15:45:23] Partitioning dataset in training and testing
TRACE [2020-08-13 15:45:23] Balancing training dataset
TRACE [2020-08-13 15:45:23] [balance_dataset]: balancing method: smote
TRACE [2020-08-13 15:45:25] Training model 
TRACE [2020-08-13 15:45:25] [get_resampling_method] Resampling model 10cv
TRACE [2020-08-13 15:45:25] [train_with_rf] Training model with RF and Accuracy
TRACE [2020-08-13 15:48:50] Recording training resultas in CSV file
TRACE [2020-08-13 15:48:50] Training results recorded on CSV file.
TRACE [2020-08-13 15:48:50] Processing feature         : long_description
TRACE [2020-08-13 15:48:50] Processing number of terms : 100
TRACE [2020-08-13 15:48:50] Processing classifier      : rf
TRACE [2020-08-13 15:48:50] Processing training metric : Accuracy
TRACE [2020-08-13 15:48:50] Processing threshold       : 365
TRACE [2020-08-13 15:48:50] Processing balancing       : unbalanced
TRACE [2020-08-13 15:48:50] Processing resampling      : cv10
TRACE [2020-08-13 15:48:50] Partitioning dataset in training and testing
TRACE [2020-08-13 15:48:50] Balancing training dataset
TRACE [2020-08-13 15:48:50] [balance_dataset]: balancing method: unbalanced
TRACE [2020-08-13 15:48:50] Training model 
TRACE [2020-08-13 15:48:50] [get_resampling_method] Resampling model 10cv
TRACE [2020-08-13 15:48:50] [train_with_rf] Training model with RF and Accuracy
TRACE [2020-08-13 15:52:47] Recording training resultas in CSV file
TRACE [2020-08-13 15:52:47] Training results recorded on CSV file.
TRACE [2020-08-13 15:52:47] Processing feature         : long_description
TRACE [2020-08-13 15:52:47] Processing number of terms : 100
TRACE [2020-08-13 15:52:47] Processing classifier      : svm
TRACE [2020-08-13 15:52:47] Processing training metric : Accuracy
TRACE [2020-08-13 15:52:47] Processing threshold       : 365
TRACE [2020-08-13 15:52:47] Processing balancing       : smote
TRACE [2020-08-13 15:52:47] Processing resampling      : cv10
TRACE [2020-08-13 15:52:47] Partitioning dataset in training and testing
TRACE [2020-08-13 15:52:47] Balancing training dataset
TRACE [2020-08-13 15:52:47] [balance_dataset]: balancing method: smote
TRACE [2020-08-13 15:52:50] Training model 
TRACE [2020-08-13 15:52:50] [get_resampling_method] Resampling model 10cv
TRACE [2020-08-13 15:52:50] [train_with_svm] Training model with SVM and Accuracy
TRACE [2020-08-13 17:03:07] Recording training resultas in CSV file
TRACE [2020-08-13 17:03:07] Training results recorded on CSV file.
TRACE [2020-08-13 17:03:07] Processing feature         : long_description
TRACE [2020-08-13 17:03:07] Processing number of terms : 100
TRACE [2020-08-13 17:03:07] Processing classifier      : svm
TRACE [2020-08-13 17:03:07] Processing training metric : Accuracy
TRACE [2020-08-13 17:03:07] Processing threshold       : 365
TRACE [2020-08-13 17:03:07] Processing balancing       : unbalanced
TRACE [2020-08-13 17:03:07] Processing resampling      : cv10
TRACE [2020-08-13 17:03:07] Partitioning dataset in training and testing
TRACE [2020-08-13 17:03:07] Balancing training dataset
TRACE [2020-08-13 17:03:07] [balance_dataset]: balancing method: unbalanced
TRACE [2020-08-13 17:03:07] Training model 
TRACE [2020-08-13 17:03:07] [get_resampling_method] Resampling model 10cv
TRACE [2020-08-13 17:03:07] [train_with_svm] Training model with SVM and Accuracy
TRACE [2020-08-13 17:28:59] Recording training resultas in CSV file
TRACE [2020-08-13 17:28:59] Training results recorded on CSV file.
TRACE [2020-08-13 17:28:59] Processing feature         : short_description
TRACE [2020-08-13 17:28:59] Processing number of terms : 100
TRACE [2020-08-13 17:28:59] Processing classifier      : knn
TRACE [2020-08-13 17:28:59] Processing training metric : Accuracy
TRACE [2020-08-13 17:28:59] Processing threshold       : 365
TRACE [2020-08-13 17:28:59] Processing balancing       : smote
TRACE [2020-08-13 17:28:59] Processing resampling      : cv10
TRACE [2020-08-13 17:28:59] Converting dataframe to term matrix
TRACE [2020-08-13 17:29:11] Text mining: extracted 100 terms from short_description
TRACE [2020-08-13 17:29:11] Partitioning dataset in training and testing
TRACE [2020-08-13 17:29:11] Balancing training dataset
TRACE [2020-08-13 17:29:11] [balance_dataset]: balancing method: smote
TRACE [2020-08-13 17:29:13] Training model 
TRACE [2020-08-13 17:29:13] [get_resampling_method] Resampling model 10cv
TRACE [2020-08-13 17:29:13] [train_with_knn] Training model with KNN and Accuracy
TRACE [2020-08-13 17:29:53] Recording training resultas in CSV file
TRACE [2020-08-13 17:29:53] Training results recorded on CSV file.
TRACE [2020-08-13 17:29:53] Processing feature         : short_description
TRACE [2020-08-13 17:29:53] Processing number of terms : 100
TRACE [2020-08-13 17:29:53] Processing classifier      : knn
TRACE [2020-08-13 17:29:53] Processing training metric : Accuracy
TRACE [2020-08-13 17:29:53] Processing threshold       : 365
TRACE [2020-08-13 17:29:53] Processing balancing       : unbalanced
TRACE [2020-08-13 17:29:53] Processing resampling      : cv10
TRACE [2020-08-13 17:29:53] Partitioning dataset in training and testing
TRACE [2020-08-13 17:29:53] Balancing training dataset
TRACE [2020-08-13 17:29:53] [balance_dataset]: balancing method: unbalanced
TRACE [2020-08-13 17:29:53] Training model 
TRACE [2020-08-13 17:29:53] [get_resampling_method] Resampling model 10cv
TRACE [2020-08-13 17:29:53] [train_with_knn] Training model with KNN and Accuracy
TRACE [2020-08-13 17:30:07] Recording training resultas in CSV file
TRACE [2020-08-13 17:30:07] Training results recorded on CSV file.
TRACE [2020-08-13 17:30:07] Processing feature         : short_description
TRACE [2020-08-13 17:30:07] Processing number of terms : 100
TRACE [2020-08-13 17:30:07] Processing classifier      : nb
TRACE [2020-08-13 17:30:07] Processing training metric : Accuracy
TRACE [2020-08-13 17:30:07] Processing threshold       : 365
TRACE [2020-08-13 17:30:07] Processing balancing       : smote
TRACE [2020-08-13 17:30:07] Processing resampling      : cv10
TRACE [2020-08-13 17:30:07] Partitioning dataset in training and testing
TRACE [2020-08-13 17:30:07] Balancing training dataset
TRACE [2020-08-13 17:30:07] [balance_dataset]: balancing method: smote
TRACE [2020-08-13 17:30:10] Training model 
TRACE [2020-08-13 17:30:10] [get_resampling_method] Resampling model 10cv
TRACE [2020-08-13 17:30:10] [train_with_nb] Training model with NB and Accuracy
TRACE [2020-08-13 17:34:18] Recording training resultas in CSV file
TRACE [2020-08-13 17:34:18] Training results recorded on CSV file.
TRACE [2020-08-13 17:34:18] Processing feature         : short_description
TRACE [2020-08-13 17:34:18] Processing number of terms : 100
TRACE [2020-08-13 17:34:18] Processing classifier      : nb
TRACE [2020-08-13 17:34:18] Processing training metric : Accuracy
TRACE [2020-08-13 17:34:18] Processing threshold       : 365
TRACE [2020-08-13 17:34:18] Processing balancing       : unbalanced
TRACE [2020-08-13 17:34:18] Processing resampling      : cv10
TRACE [2020-08-13 17:34:18] Partitioning dataset in training and testing
TRACE [2020-08-13 17:34:18] Balancing training dataset
TRACE [2020-08-13 17:34:18] [balance_dataset]: balancing method: unbalanced
TRACE [2020-08-13 17:34:18] Training model 
TRACE [2020-08-13 17:34:18] [get_resampling_method] Resampling model 10cv
TRACE [2020-08-13 17:34:18] [train_with_nb] Training model with NB and Accuracy
TRACE [2020-08-13 17:36:37] Recording training resultas in CSV file
TRACE [2020-08-13 17:36:37] Training results recorded on CSV file.
TRACE [2020-08-13 17:36:37] Processing feature         : short_description
TRACE [2020-08-13 17:36:37] Processing number of terms : 100
TRACE [2020-08-13 17:36:37] Processing classifier      : nn
TRACE [2020-08-13 17:36:37] Processing training metric : Accuracy
TRACE [2020-08-13 17:36:37] Processing threshold       : 365
TRACE [2020-08-13 17:36:37] Processing balancing       : smote
TRACE [2020-08-13 17:36:37] Processing resampling      : cv10
TRACE [2020-08-13 17:36:37] Partitioning dataset in training and testing
TRACE [2020-08-13 17:36:37] Balancing training dataset
TRACE [2020-08-13 17:36:37] [balance_dataset]: balancing method: smote
TRACE [2020-08-13 17:36:40] Training model 
TRACE [2020-08-13 17:36:40] [get_resampling_method] Resampling model 10cv
TRACE [2020-08-13 17:36:40] [train_with_nnet] Training model with NNET and Accuracy
TRACE [2020-08-13 17:40:15] Recording training resultas in CSV file
TRACE [2020-08-13 17:40:15] Training results recorded on CSV file.
TRACE [2020-08-13 17:40:15] Processing feature         : short_description
TRACE [2020-08-13 17:40:15] Processing number of terms : 100
TRACE [2020-08-13 17:40:15] Processing classifier      : nn
TRACE [2020-08-13 17:40:15] Processing training metric : Accuracy
TRACE [2020-08-13 17:40:15] Processing threshold       : 365
TRACE [2020-08-13 17:40:15] Processing balancing       : unbalanced
TRACE [2020-08-13 17:40:15] Processing resampling      : cv10
TRACE [2020-08-13 17:40:15] Partitioning dataset in training and testing
TRACE [2020-08-13 17:40:15] Balancing training dataset
TRACE [2020-08-13 17:40:15] [balance_dataset]: balancing method: unbalanced
TRACE [2020-08-13 17:40:15] Training model 
TRACE [2020-08-13 17:40:15] [get_resampling_method] Resampling model 10cv
TRACE [2020-08-13 17:40:15] [train_with_nnet] Training model with NNET and Accuracy
TRACE [2020-08-13 17:41:54] Recording training resultas in CSV file
TRACE [2020-08-13 17:41:54] Training results recorded on CSV file.
TRACE [2020-08-13 17:41:54] Processing feature         : short_description
TRACE [2020-08-13 17:41:54] Processing number of terms : 100
TRACE [2020-08-13 17:41:54] Processing classifier      : rf
TRACE [2020-08-13 17:41:54] Processing training metric : Accuracy
TRACE [2020-08-13 17:41:54] Processing threshold       : 365
TRACE [2020-08-13 17:41:54] Processing balancing       : smote
TRACE [2020-08-13 17:41:54] Processing resampling      : cv10
TRACE [2020-08-13 17:41:54] Partitioning dataset in training and testing
TRACE [2020-08-13 17:41:54] Balancing training dataset
TRACE [2020-08-13 17:41:54] [balance_dataset]: balancing method: smote
TRACE [2020-08-13 17:41:56] Training model 
TRACE [2020-08-13 17:41:56] [get_resampling_method] Resampling model 10cv
TRACE [2020-08-13 17:41:56] [train_with_rf] Training model with RF and Accuracy
TRACE [2020-08-13 18:00:14] Recording training resultas in CSV file
TRACE [2020-08-13 18:00:14] Training results recorded on CSV file.
TRACE [2020-08-13 18:00:14] Processing feature         : short_description
TRACE [2020-08-13 18:00:14] Processing number of terms : 100
TRACE [2020-08-13 18:00:14] Processing classifier      : rf
TRACE [2020-08-13 18:00:14] Processing training metric : Accuracy
TRACE [2020-08-13 18:00:14] Processing threshold       : 365
TRACE [2020-08-13 18:00:14] Processing balancing       : unbalanced
TRACE [2020-08-13 18:00:14] Processing resampling      : cv10
TRACE [2020-08-13 18:00:14] Partitioning dataset in training and testing
TRACE [2020-08-13 18:00:14] Balancing training dataset
TRACE [2020-08-13 18:00:14] [balance_dataset]: balancing method: unbalanced
TRACE [2020-08-13 18:00:14] Training model 
TRACE [2020-08-13 18:00:14] [get_resampling_method] Resampling model 10cv
TRACE [2020-08-13 18:00:14] [train_with_rf] Training model with RF and Accuracy
TRACE [2020-08-13 18:08:57] Recording training resultas in CSV file
TRACE [2020-08-13 18:08:57] Training results recorded on CSV file.
TRACE [2020-08-13 18:08:57] Processing feature         : short_description
TRACE [2020-08-13 18:08:57] Processing number of terms : 100
TRACE [2020-08-13 18:08:57] Processing classifier      : svm
TRACE [2020-08-13 18:08:57] Processing training metric : Accuracy
TRACE [2020-08-13 18:08:57] Processing threshold       : 365
TRACE [2020-08-13 18:08:57] Processing balancing       : smote
TRACE [2020-08-13 18:08:57] Processing resampling      : cv10
TRACE [2020-08-13 18:08:57] Partitioning dataset in training and testing
TRACE [2020-08-13 18:08:57] Balancing training dataset
TRACE [2020-08-13 18:08:57] [balance_dataset]: balancing method: smote
TRACE [2020-08-13 18:08:59] Training model 
TRACE [2020-08-13 18:08:59] [get_resampling_method] Resampling model 10cv
TRACE [2020-08-13 18:08:59] [train_with_svm] Training model with SVM and Accuracy
TRACE [2020-08-13 19:03:31] Recording training resultas in CSV file
TRACE [2020-08-13 19:03:31] Training results recorded on CSV file.
TRACE [2020-08-13 19:03:31] Processing feature         : short_description
TRACE [2020-08-13 19:03:31] Processing number of terms : 100
TRACE [2020-08-13 19:03:31] Processing classifier      : svm
TRACE [2020-08-13 19:03:31] Processing training metric : Accuracy
TRACE [2020-08-13 19:03:31] Processing threshold       : 365
TRACE [2020-08-13 19:03:31] Processing balancing       : unbalanced
TRACE [2020-08-13 19:03:31] Processing resampling      : cv10
TRACE [2020-08-13 19:03:31] Partitioning dataset in training and testing
TRACE [2020-08-13 19:03:31] Balancing training dataset
TRACE [2020-08-13 19:03:31] [balance_dataset]: balancing method: unbalanced
TRACE [2020-08-13 19:03:31] Training model 
TRACE [2020-08-13 19:03:31] [get_resampling_method] Resampling model 10cv
TRACE [2020-08-13 19:03:31] [train_with_svm] Training model with SVM and Accuracy
TRACE [2020-08-13 19:19:18] Recording training resultas in CSV file
TRACE [2020-08-13 19:19:18] Training results recorded on CSV file.
